100;85;38;0;0;0;0;120;120
100;83;38;0;0;0;0;120;120
100;171;38;0;0;0;0;120;120
100;159;38;0;0;0;0;120;120
100;176;38;0;0;0;0;120;120
100;153;38;0;0;0;0;120;120
100;115;38;0;0;0;0;120;120
100;170;38;0;0;0;0;120;120
100;157;38;0;0;0;0;120;120
100;170;38;0;0;0;0;120;120
100;160;38;0;0;0;0;120;120
100;92;38;0;0;0;0;120;120
100;115;39;0;0;0;0;120;120
100;114;39;0;0;0;0;120;120
100;147;39;0;0;0;0;120;120
100;170;39;0;0;0;0;120;120
100;93;38;0;0;0;0;120;120
100;172;39;0;0;0;0;120;120
100;158;39;0;0;0;0;120;120
100;107;38;0;0;0;0;120;120
100;160;39;0;0;0;0;120;120
100;106;39;0;0;0;0;120;120
100;106;38;0;0;0;0;120;120
100;110;39;0;0;0;0;120;120
100;105;39;0;0;0;0;120;120
100;103;39;0;0;0;0;120;120
100;89;39;0;0;0;0;120;120
100;88;39;0;0;0;0;120;120
100;107;39;0;0;0;0;120;120
100;172;38;0;0;0;0;120;120
100;102;38;0;0;0;0;120;120
100;107;39;0;0;0;0;120;120
100;107;39;0;0;0;0;120;120
100;170;38;0;0;0;0;120;120
100;157;38;0;0;0;0;120;120
100;124;39;0;0;0;0;120;120
100;106;39;0;0;0;0;120;120
100;105;39;0;0;0;0;120;120
100;102;39;0;0;0;0;120;120
100;102;38;0;0;0;0;120;120
100;104;39;0;0;0;0;120;120
100;114;39;0;0;0;0;120;120
100;103;39;0;0;0;0;120;120
100;99;39;0;0;0;0;120;120
100;104;39;0;0;0;0;120;120
100;101;38;0;0;0;0;120;120
100;101;38;0;0;0;0;120;120
100;93;38;0;0;0;0;120;120
100;101;39;0;0;0;0;120;120
100;104;39;0;0;0;0;120;120
100;102;39;0;0;0;0;120;120
100;95;38;0;0;0;0;120;120
100;104;38;0;0;0;0;120;120
100;93;38;0;0;0;0;120;120
100;103;38;0;0;0;0;120;120
100;95;38;0;0;0;0;120;120
100;93;38;0;0;0;0;120;120
100;102;39;0;0;0;0;120;120
100;92;39;0;0;0;0;120;120
100;102;38;0;0;0;0;120;120
100;101;38;0;0;0;0;120;120
100;101;38;0;0;0;0;120;120
100;99;38;0;0;0;0;120;120
100;94;39;0;0;0;0;120;120
100;100;38;0;0;0;0;120;120
100;100;38;0;0;0;0;120;120
100;101;38;0;0;0;0;120;120
100;96;38;0;0;0;0;120;120
100;100;38;0;0;0;0;120;120
100;100;38;0;0;0;0;120;120
100;101;38;0;0;0;0;120;120
100;99;38;0;0;0;0;120;120
100;99;38;0;0;0;0;120;120
100;100;38;0;0;0;0;120;120
100;86;38;0;0;0;0;120;120
100;102;38;0;0;0;0;120;120
100;103;38;0;0;0;0;120;120
100;100;38;0;0;0;0;120;120
100;100;38;0;0;0;0;120;120
100;102;38;0;0;0;0;120;120
100;100;38;0;0;0;0;120;120
100;98;38;0;0;0;0;120;120
100;101;38;0;0;0;0;120;120
100;100;38;0;0;0;0;120;120
100;100;38;0;0;0;0;120;120
100;172;38;0;0;0;0;120;120
100;100;38;0;0;0;0;120;120
100;101;38;0;0;0;0;120;120
100;101;38;0;0;0;0;120;120
100;100;38;0;0;0;0;120;120
100;103;38;0;0;0;0;120;120
100;90;38;0;0;0;0;120;120
100;104;38;0;0;0;0;120;120
100;100;38;0;0;0;0;120;120
100;101;38;0;0;0;0;120;120
100;101;38;0;0;0;0;120;120
100;95;38;0;0;0;0;120;120
100;121;38;0;0;0;0;120;120
100;101;38;0;0;0;0;120;120
100;170;38;0;0;0;0;120;120
100;100;38;0;0;0;0;120;120
100;103;38;0;0;0;0;120;120
100;100;38;0;0;0;0;120;120
100;170;38;0;0;0;0;120;120
100;99;38;0;0;0;0;120;120
100;93;38;0;0;0;0;120;120
100;96;38;0;0;0;0;120;120
100;93;38;0;0;0;0;120;120
100;95;38;0;0;0;0;120;120
100;96;38;0;0;0;0;120;120
100;97;38;0;0;0;0;120;120
100;92;38;0;0;0;0;120;120
100;105;38;0;0;0;0;120;120
100;61;36;0;0;0;0;120;120
100;90;38;0;0;0;0;120;120
100;90;38;0;0;0;0;120;120
100;90;38;0;0;0;0;120;120
100;92;38;0;0;0;0;120;120
100;173;38;0;0;0;0;120;120
100;100;38;0;0;0;0;120;120
100;102;38;0;0;0;0;120;120
100;89;38;0;0;0;0;120;120
100;100;38;0;0;0;0;120;120
100;100;38;0;0;0;0;120;120
100;168;38;0;0;0;0;120;120
100;104;38;0;0;0;0;120;120
100;88;38;0;0;0;0;120;120
100;100;38;0;0;0;0;120;120
100;100;38;0;0;0;0;120;120
100;100;38;0;0;0;0;120;120
100;99;38;0;0;0;0;120;120
100;92;38;0;0;0;0;120;120
100;101;38;0;0;0;0;120;120
100;101;38;0;0;0;0;120;120
100;100;38;0;0;0;0;120;120
100;102;38;0;0;0;0;120;120
100;101;38;0;0;0;0;120;120
100;100;38;0;0;0;0;120;120
100;104;38;0;0;0;0;120;120
100;95;38;0;0;0;0;120;120
100;102;38;0;0;0;0;120;120
100;101;38;0;0;0;0;120;120
100;93;38;0;0;0;0;120;120
100;101;38;0;0;0;0;120;120
100;94;38;0;0;0;0;120;120
100;103;38;0;0;0;0;120;120
100;104;38;0;0;0;0;120;120
100;100;38;0;0;0;0;120;120
100;97;38;0;0;0;0;120;120
100;96;38;0;0;0;0;120;120
100;101;38;0;0;0;0;120;120
100;103;38;0;0;0;0;120;120
100;81;38;0;0;0;0;120;120
100;81;38;0;0;0;0;120;120
100;81;38;0;0;0;0;120;120
100;80;38;0;0;0;0;120;120
100;93;38;0;0;0;0;120;120
100;79;38;0;0;0;0;120;120
100;79;38;0;0;0;0;120;120
100;92;38;0;0;0;0;120;120
100;80;38;0;0;0;0;120;120
100;79;38;0;0;0;0;120;120
100;95;38;0;0;0;0;120;120
100;77;38;0;0;0;0;120;120
100;79;38;0;0;0;0;120;120
100;98;38;0;0;0;0;120;120
100;171;38;0;0;0;0;120;120
100;156;38;0;0;0;0;120;120
100;103;38;0;0;0;0;120;120
100;169;38;0;0;0;0;120;120
100;85;38;0;0;0;0;120;120
100;172;38;0;0;0;0;120;120
100;100;38;0;0;0;0;120;120
100;171;39;0;0;0;0;120;120
100;109;39;0;0;0;0;120;120
100;91;39;0;0;0;0;120;120
100;106;38;0;0;0;0;120;120
100;116;38;0;0;0;0;120;120
100;171;38;0;0;0;0;120;120
100;110;38;0;0;0;0;120;120
100;172;39;0;0;0;0;120;120
100;161;39;0;0;0;0;120;120
100;172;38;0;0;0;0;120;120
100;87;38;0;0;0;0;120;120
100;101;38;0;0;0;0;120;120
100;87;38;0;0;0;0;120;120
100;175;38;0;0;0;0;120;120
100;97;38;0;0;0;0;120;120
100;171;38;0;0;0;0;120;120
100;100;38;0;0;0;0;120;120
100;169;38;0;0;0;0;120;120
100;100;38;0;0;0;0;120;120
100;103;38;0;0;0;0;120;120
100;100;38;0;0;0;0;120;120
100;102;38;0;0;0;0;120;120
100;105;38;0;0;0;0;120;120
100;171;38;0;0;0;0;120;120
100;98;38;0;0;0;0;120;120
100;172;38;0;0;0;0;120;120
100;101;38;0;0;0;0;120;120
100;102;38;0;0;0;0;120;120
100;102;38;0;0;0;0;120;120
100;104;38;0;0;0;0;120;120
100;100;38;0;0;0;0;120;120
100;103;38;0;0;0;0;120;120
100;103;38;0;0;0;0;120;120
100;86;38;0;0;0;0;120;120
100;173;38;0;0;0;0;120;120
100;101;38;0;0;0;0;120;120
100;170;38;0;0;0;0;120;120
100;104;38;0;0;0;0;120;120
100;170;38;0;0;0;0;120;120
100;96;38;0;0;0;0;120;120
100;170;38;0;0;0;0;120;120
100;88;38;0;0;0;0;120;120
100;118;38;0;0;0;0;120;120
100;121;38;0;0;0;0;120;120
100;152;38;0;0;0;0;120;120
100;114;38;0;0;0;0;120;120
100;171;38;0;0;0;0;120;120
100;93;38;0;0;0;0;120;120
100;174;38;0;0;0;0;120;120
100;96;38;0;0;0;0;120;120
100;172;38;0;0;0;0;120;120
100;97;38;0;0;0;0;120;120
100;168;38;0;0;0;0;120;120
100;97;38;0;0;0;0;120;120
100;95;38;0;0;0;0;120;120
100;172;38;0;0;0;0;120;120
100;100;38;0;0;0;0;120;120
100;170;38;0;0;0;0;120;120
100;86;38;0;0;0;0;120;120
100;172;38;0;0;0;0;120;120
100;90;38;0;0;0;0;120;120
100;171;38;0;0;0;0;120;120
100;98;38;0;0;0;0;120;120
100;167;39;0;0;0;0;120;120
100;83;38;0;0;0;0;120;120
100;81;38;0;0;0;0;120;120
100;81;38;0;0;0;0;120;120
100;90;39;0;0;0;0;120;120
100;82;38;0;0;0;0;120;120
100;172;39;0;0;0;0;120;120
100;155;39;0;0;0;0;120;120
100;114;39;0;0;0;0;120;120
100;99;39;0;0;0;0;120;120
100;114;39;0;0;0;0;120;120
100;102;39;0;0;0;0;120;120
100;167;39;0;0;0;0;120;120
100;167;39;0;0;0;0;120;120
100;102;39;0;0;0;0;120;120
100;163;39;0;0;0;0;120;120
100;103;38;0;0;0;0;120;120
100;164;39;0;0;0;0;120;120
100;104;39;0;0;0;0;120;120
100;96;39;0;0;0;0;120;120
100;172;38;0;0;0;0;120;120
100;101;39;0;0;0;0;120;120
100;171;39;0;0;0;0;120;120
100;171;38;0;0;0;0;120;120
100;94;39;0;0;0;0;120;120
100;172;39;0;0;0;0;120;120
100;112;39;0;0;0;0;120;120
100;107;39;0;0;0;0;120;120
100;106;39;0;0;0;0;120;120
100;171;39;0;0;0;0;120;120
100;103;39;0;0;0;0;120;120
100;106;39;0;0;0;0;120;120
100;105;38;0;0;0;0;120;120
100;105;40;0;0;0;0;120;120
100;105;39;0;0;0;0;120;120
100;88;38;0;0;0;0;120;120
100;107;39;0;0;0;0;120;120
100;134;38;0;0;0;0;120;120
100;99;38;0;0;0;0;120;120
100;112;39;0;0;0;0;120;120
100;172;38;0;0;0;0;120;120
100;85;38;0;0;0;0;120;120
100;173;39;0;0;0;0;120;120
100;158;39;0;0;0;0;120;120
100;98;38;0;0;0;0;120;120
100;112;38;0;0;0;0;120;120
100;171;38;0;0;0;0;120;120
100;140;38;0;0;0;0;120;120
100;99;38;0;0;0;0;120;120
100;116;39;0;0;0;0;120;120
100;159;38;0;0;0;0;120;120
100;171;38;0;0;0;0;120;120
100;157;38;0;0;0;0;120;120
100;100;37;0;0;0;0;120;120
100;172;38;0;0;0;0;120;120
100;99;38;0;0;0;0;120;120
100;117;38;0;0;0;0;120;120
100;83;38;0;0;0;0;120;120
100;171;38;0;0;0;0;120;120
100;87;38;0;0;0;0;120;120
100;86;38;0;0;0;0;120;120
100;173;38;0;0;0;0;120;120
100;107;37;0;0;0;0;120;120
100;93;38;0;0;0;0;120;120
100;172;38;0;0;0;0;120;120
100;99;37;0;0;0;0;120;120
100;168;37;0;0;0;0;120;120
100;163;37;0;0;0;0;120;120
100;95;38;0;0;0;0;120;120
100;172;38;0;0;0;0;120;120
100;100;38;0;0;0;0;120;120
100;115;38;0;0;0;0;120;120
100;152;38;0;0;0;0;120;120
100;114;38;0;0;0;0;120;120
100;115;38;0;0;0;0;120;120
100;112;39;0;0;0;0;120;120
100;170;38;0;0;0;0;120;120
100;112;38;0;0;0;0;120;120
100;112;38;0;0;0;0;120;120
100;173;39;0;0;0;0;120;120
100;153;38;0;0;0;0;120;120
100;170;38;0;0;0;0;120;120
100;157;38;0;0;0;0;120;120
100;170;38;0;0;0;0;120;120
100;158;38;0;0;0;0;120;120
100;166;38;0;0;0;0;120;120
100;98;38;0;0;0;0;120;120
100;168;38;0;0;0;0;120;120
100;104;39;0;0;0;0;120;120
100;167;38;0;0;0;0;120;120
100;105;38;0;0;0;0;120;120
100;164;39;0;0;0;0;120;120
100;105;39;0;0;0;0;120;120
100;165;39;0;0;0;0;120;120
100;110;38;0;0;0;0;120;120
100;115;38;0;0;0;0;120;120
100;153;38;0;0;0;0;120;120
100;111;38;0;0;0;0;120;120
100;114;38;0;0;0;0;120;120
100;152;38;0;0;0;0;120;120
100;112;38;0;0;0;0;120;120
100;153;38;0;0;0;0;120;120
100;111;38;0;0;0;0;120;120
100;157;38;0;0;0;0;120;120
100;110;38;0;0;0;0;120;120
100;163;38;0;0;0;0;120;120
100;164;38;0;0;0;0;120;120
100;106;38;0;0;0;0;120;120
100;163;38;0;0;0;0;120;120
100;105;38;0;0;0;0;120;120
100;162;38;0;0;0;0;120;120
100;165;38;0;0;0;0;120;120
100;114;38;0;0;0;0;120;120
100;156;38;0;0;0;0;120;120
100;171;38;0;0;0;0;120;120
100;100;38;0;0;0;0;120;120
100;172;38;0;0;0;0;120;120
100;161;38;0;0;0;0;120;120
100;166;38;0;0;0;0;120;120
100;115;38;0;0;0;0;120;120
100;172;38;0;0;0;0;120;120
100;155;38;0;0;0;0;120;120
100;170;38;0;0;0;0;120;120
100;112;39;0;0;0;0;120;120
100;156;39;0;0;0;0;120;120
100;110;39;0;0;0;0;120;120
100;157;39;0;0;0;0;120;120
100;111;39;0;0;0;0;120;120
100;155;38;0;0;0;0;120;120
100;111;38;0;0;0;0;120;120
100;156;38;0;0;0;0;120;120
100;113;39;0;0;0;0;120;120
100;153;38;0;0;0;0;120;120
100;116;39;0;0;0;0;120;120
100;150;38;0;0;0;0;120;120
100;116;38;0;0;0;0;120;120
100;155;39;0;0;0;0;120;120
100;171;39;0;0;0;0;120;120
100;158;39;0;0;0;0;120;120
100;169;39;0;0;0;0;120;120
100;160;39;0;0;0;0;120;120
100;108;39;0;0;0;0;120;120
100;113;38;0;0;0;0;120;120
100;157;38;0;0;0;0;120;120
100;85;39;0;0;0;0;120;120
100;112;39;0;0;0;0;120;120
100;129;39;0;0;0;0;120;120
100;112;39;0;0;0;0;120;120
100;85;38;0;0;0;0;120;120
100;172;39;0;0;0;0;120;120
100;172;38;0;0;0;0;120;120
100;170;38;0;0;0;0;120;120
100;171;38;0;0;0;0;120;120
100;100;39;0;0;0;0;120;120
100;87;39;0;0;0;0;120;120
100;170;39;0;0;0;0;120;120
100;170;38;0;0;0;0;120;120
100;97;38;0;0;0;0;120;120
100;170;38;0;0;0;0;120;120
100;158;38;0;0;0;0;120;120
100;172;38;0;0;0;0;120;120
100;114;38;0;0;0;0;120;120
100;170;39;0;0;0;0;120;120
100;106;38;0;0;0;0;120;120
100;170;38;0;0;0;0;120;120
100;103;38;0;0;0;0;120;120
100;171;38;0;0;0;0;120;120
100;112;38;0;0;0;0;120;120
100;91;38;0;0;0;0;120;120
100;128;38;0;0;0;0;120;120
100;145;38;0;0;0;0;120;120
100;89;39;0;0;0;0;120;120
100;171;38;0;0;0;0;120;120
100;163;38;0;0;0;0;120;120
100;103;38;0;0;0;0;120;120
100;171;38;0;0;0;0;120;120
100;171;39;0;0;0;0;120;120
100;161;38;0;0;0;0;120;120
100;171;38;0;0;0;0;120;120
100;161;38;0;0;0;0;120;120
100;170;38;0;0;0;0;120;120
100;160;38;0;0;0;0;120;120
100;170;38;0;0;0;0;120;120
100;160;37;0;0;0;0;120;120
100;172;38;0;0;0;0;120;120
100;171;38;0;0;0;0;120;120
100;161;38;0;0;0;0;120;120
100;110;38;0;0;0;0;120;120
100;160;38;0;0;0;0;120;120
100;111;38;0;0;0;0;120;120
100;157;38;0;0;0;0;120;120
100;110;37;0;0;0;0;120;120
100;175;37;0;0;0;0;120;120
100;172;38;0;0;0;0;120;120
100;95;38;0;0;0;0;120;120
100;172;38;0;0;0;0;120;120
100;100;38;0;0;0;0;120;120
100;169;38;0;0;0;0;120;120
100;171;38;0;0;0;0;120;120
100;172;38;0;0;0;0;120;120
100;109;38;0;0;0;0;120;120
100;117;38;0;0;0;0;120;120
100;171;38;0;0;0;0;120;120
100;110;38;0;0;0;0;120;120
100;170;38;0;0;0;0;120;120
100;171;37;0;0;0;0;120;120
100;171;38;0;0;0;0;120;120
100;172;38;0;0;0;0;120;120
100;171;39;0;0;0;0;120;120
100;160;38;0;0;0;0;120;120
100;106;38;0;0;0;0;120;120
100;159;38;0;0;0;0;120;120
100;106;38;0;0;0;0;120;120
100;161;39;0;0;0;0;120;120
100;105;38;0;0;0;0;120;120
100;110;39;0;0;0;0;120;120
100;87;39;0;0;0;0;120;120
100;166;40;0;0;0;0;120;120
100;98;40;0;0;0;0;120;120
100;120;40;0;0;0;0;120;120
100;103;39;0;0;0;0;120;120
100;147;39;0;0;0;0;120;120
100;169;39;0;0;0;0;120;120
100;171;37;0;0;0;0;120;120
100;164;37;0;0;0;0;120;120
100;167;37;0;0;0;0;120;120
100;100;37;0;0;0;0;120;120
100;92;37;0;0;0;0;120;120
100;89;38;0;0;0;0;120;120
100;171;38;0;0;0;0;120;120
100;170;39;0;0;0;0;120;120
100;162;39;0;0;0;0;120;120
100;90;39;0;0;0;0;120;120
100;171;40;0;0;0;0;120;120
100;115;40;0;0;0;0;120;120
100;151;39;0;0;0;0;120;120
100;86;40;0;0;0;0;120;120
100;168;39;0;0;0;0;120;120
100;163;45;0;0;0;0;120;120
100;109;45;0;0;0;0;120;120
100;88;45;0;0;0;0;120;120
100;116;47;0;0;0;0;120;120
100;88;45;0;0;0;0;120;120
100;109;44;0;0;0;0;120;120
100;84;44;0;0;0;0;120;120
100;102;45;0;0;0;0;120;120
100;158;40;0;0;0;0;120;120
100;103;37;0;0;0;0;120;120
100;90;36;0;0;0;0;120;120
100;173;35;0;0;0;0;120;120
100;176;34;0;0;0;0;120;120
100;99;34;0;0;0;0;120;120
100;181;34;0;0;0;0;120;120
100;176;35;0;0;0;0;120;120
100;103;36;0;0;0;0;120;120
100;173;38;0;0;0;0;120;120
100;87;38;0;0;0;0;120;120
100;173;42;0;0;0;0;120;120
100;91;34;0;0;0;0;120;120
100;140;33;0;0;0;0;120;120
100;177;33;0;0;0;0;120;120
100;98;32;0;0;0;0;120;120
100;178;32;0;0;0;0;120;120
100;155;32;0;0;0;0;120;120
100;182;33;0;0;0;0;120;120
100;152;33;0;0;0;0;120;120
100;94;33;0;0;0;0;120;120
100;94;33;0;0;0;0;120;120
100;177;33;0;0;0;0;120;120
100;99;33;0;0;0;0;120;120
100;65;32;0;0;0;0;120;120
100;105;33;0;0;0;0;120;120
100;91;33;0;0;0;0;120;120
100;64;32;0;0;0;0;120;120
100;59;32;0;0;0;0;120;120
100;101;32;0;0;0;0;120;120
100;91;32;0;0;0;0;120;120
100;182;32;0;0;0;0;120;120
100;64;31;0;0;0;0;120;120
100;97;33;0;0;0;0;120;120
100;65;31;0;0;0;0;120;120
100;101;33;0;0;0;0;120;120
100;86;32;0;0;0;0;120;120
100;238;33;0;0;0;0;120;120
100;236;33;0;0;0;0;120;120
100;30;31;0;0;0;0;120;120
100;29;31;0;0;0;0;120;120
100;29;32;0;0;0;0;120;120
100;29;32;0;0;0;0;120;120
100;29;33;0;0;0;0;120;120
100;30;32;0;0;0;0;120;120
100;30;32;0;0;0;0;120;120
100;29;32;0;0;0;0;120;120
100;30;32;0;0;0;0;120;120
100;92;31;0;0;0;0;120;120
100;86;31;0;0;0;0;120;120
100;81;32;0;0;0;0;120;120
100;30;31;0;0;0;0;120;120
100;31;31;0;0;0;0;120;120
100;31;31;0;0;0;0;120;120
100;30;31;0;0;0;0;120;120
100;30;32;0;0;0;0;120;120
100;30;31;0;0;0;0;120;120
100;29;31;0;0;0;0;120;120
100;29;32;0;0;0;0;120;120
100;29;32;0;0;0;0;120;120
100;29;32;0;0;0;0;120;120
100;30;31;0;0;0;0;120;120
100;30;32;0;0;0;0;120;120
100;30;32;0;0;0;0;120;120
100;30;32;0;0;0;0;120;120
100;30;32;0;0;0;0;120;120
100;31;33;0;0;0;0;120;120
100;30;33;0;0;0;0;120;120
100;32;33;0;0;0;0;120;120
100;31;33;0;0;0;0;120;120
100;30;33;0;0;0;0;120;120
100;31;33;0;0;0;0;120;120
100;30;33;0;0;0;0;120;120
100;31;33;0;0;0;0;120;120
100;30;34;0;0;0;0;120;120
100;31;33;0;0;0;0;120;120
100;30;33;0;0;0;0;120;120
100;31;34;0;0;0;0;120;120
100;30;33;0;0;0;0;120;120
100;30;33;0;0;0;0;120;120
100;30;34;0;0;0;0;120;120
100;30;34;0;0;0;0;120;120
100;31;32;0;0;0;0;120;120
100;31;33;0;0;0;0;120;120
100;31;32;0;0;0;0;120;120
100;30;33;0;0;0;0;120;120
100;31;33;0;0;0;0;120;120
100;31;34;0;0;0;0;120;120
100;32;34;0;0;0;0;120;120
100;31;34;0;0;0;0;120;120
100;32;35;0;0;0;0;120;120
100;31;34;0;0;0;0;120;120
100;32;34;0;0;0;0;120;120
100;31;35;0;0;0;0;120;120
100;32;34;0;0;0;0;120;120
100;31;33;0;0;0;0;120;120
100;32;34;0;0;0;0;120;120
100;31;33;0;0;0;0;120;120
100;32;34;0;0;0;0;120;120
100;31;33;0;0;0;0;120;120
100;31;34;0;0;0;0;120;120
100;31;34;0;0;0;0;120;120
100;30;34;0;0;0;0;120;120
100;32;34;0;0;0;0;120;120
100;32;35;0;0;0;0;120;120
100;30;34;0;0;0;0;120;120
100;31;35;0;0;0;0;120;120
100;30;34;0;0;0;0;120;120
100;32;34;0;0;0;0;120;120
100;31;35;0;0;0;0;120;120
100;30;34;0;0;0;0;120;120
100;30;34;0;0;0;0;120;120
100;30;34;0;0;0;0;120;120
100;31;34;0;0;0;0;120;120
100;31;35;0;0;0;0;120;120
100;30;34;0;0;0;0;120;120
100;31;35;0;0;0;0;120;120
100;30;34;0;0;0;0;120;120
100;30;34;0;0;0;0;120;120
100;30;34;0;0;0;0;120;120
100;31;35;0;0;0;0;120;120
100;31;36;0;0;0;0;120;120
100;31;35;0;0;0;0;120;120
100;31;35;0;0;0;0;120;120
100;31;35;0;0;0;0;120;120
100;31;36;0;0;0;0;120;120
100;31;54;0;0;0;0;120;120
100;31;53;0;0;0;0;120;120
100;32;54;0;0;0;0;120;120
100;31;54;0;0;0;0;120;120
100;31;54;0;0;0;0;120;120
100;30;54;0;0;0;0;120;120
100;31;54;0;0;0;0;120;120
100;31;54;0;0;0;0;120;120
100;31;54;0;0;0;0;120;120
100;31;55;0;0;0;0;120;120
100;31;55;0;0;0;0;120;120
100;31;54;0;0;0;0;120;120
100;32;54;0;1;0;0;120;120
100;31;54;0;0;0;0;120;120
100;32;54;1;0;0;0;120;120
100;67;54;0;1;0;0;120;120
100;65;54;1;0;0;0;120;120
100;78;55;0;1;0;0;120;120
100;86;56;1;1;0;0;120;120
100;91;36;1;1;0;0;120;120
100;89;36;3;1;0;0;120;120
100;60;35;1;3;0;0;120;120
100;59;34;1;1;0;0;120;120
100;102;36;1;1;0;0;120;120
100;59;34;3;1;0;0;120;120
100;88;35;1;1;0;0;120;120
100;88;35;3;3;0;0;120;120
100;93;34;3;1;0;0;120;120
100;33;33;3;3;0;0;120;120
100;33;32;1;1;0;0;120;120
100;33;32;3;1;0;0;120;120
100;32;33;1;1;0;0;120;120
100;33;33;3;1;0;0;120;120
100;33;33;1;3;0;0;120;120
100;31;32;1;1;0;0;120;120
100;32;33;3;1;0;0;120;120
100;33;33;1;1;0;0;120;120
100;33;33;3;1;0;0;120;120
100;69;33;3;3;0;0;120;120
100;33;33;3;1;0;0;120;120
100;93;33;3;3;0;0;120;120
100;67;33;4;1;0;0;120;120
100;32;33;3;3;0;0;120;120
100;89;34;3;1;0;0;120;120
100;33;33;4;3;0;0;120;120
100;87;35;1;1;0;0;120;120
100;33;33;4;3;0;0;120;120
100;69;34;3;3;0;0;120;120
100;65;34;4;1;0;0;120;120
100;91;35;3;3;0;0;120;120
100;68;36;4;3;0;0;120;120
100;92;37;3;3;0;0;120;120
100;68;35;6;3;0;0;120;120
100;94;37;4;3;0;0;120;120
100;97;35;4;3;0;0;120;120
100;106;36;6;3;0;0;120;120
100;93;36;6;3;0;0;120;120
100;59;33;4;4;0;0;120;120
100;98;35;4;1;0;0;120;120
100;63;35;6;4;0;0;120;120
100;96;36;4;3;0;0;120;120
100;106;37;6;3;0;0;120;120
100;57;34;6;4;0;0;120;120
100;102;35;4;3;0;0;120;120
100;61;33;8;4;0;0;120;120
100;91;35;4;3;0;0;120;120
100;108;36;6;4;0;0;120;120
100;161;35;6;4;0;0;120;120
100;113;35;9;6;0;0;120;120
100;124;35;8;6;0;0;120;120
100;122;35;6;4;0;0;120;120
100;149;35;6;6;0;0;120;120
100;118;35;8;8;0;0;120;120
100;123;35;8;6;0;0;120;120
100;148;35;8;6;0;0;120;120
100;33;32;9;6;0;0;120;120
100;33;32;4;3;0;0;120;120
100;126;35;4;4;0;0;120;120
100;32;32;8;6;0;0;120;120
100;96;35;4;3;0;0;120;120
100;33;32;6;6;0;0;120;120
100;33;32;4;4;0;0;120;120
100;33;32;4;3;0;0;120;120
100;91;33;4;3;0;0;120;120
100;110;34;6;6;0;0;120;120
100;173;35;8;6;0;0;120;120
100;160;35;11;9;0;0;120;120
100;113;35;11;9;0;0;120;120
100;157;34;8;6;0;0;120;120
100;101;35;9;9;0;0;120;120
100;93;35;8;6;0;0;120;120
100;172;35;8;6;0;0;120;120
100;99;35;11;9;0;0;120;120
100;93;35;6;8;0;0;120;120
100;71;34;8;6;0;0;120;120
100;91;35;6;4;0;0;120;120
100;94;35;8;6;0;0;120;120
100;91;35;8;8;0;0;120;120
100;92;35;6;4;0;0;120;120
100;94;35;6;6;0;0;120;120
100;173;35;8;6;0;0;120;120
100;91;35;11;9;0;0;120;120
100;93;35;8;6;0;0;120;120
100;32;33;8;6;0;0;120;120
100;96;34;4;3;0;0;120;120
100;32;32;8;6;0;0;120;120
100;32;32;4;3;0;0;120;120
100;93;34;4;3;0;0;120;120
100;93;35;8;6;0;0;120;120
100;95;35;8;6;0;0;120;120
100;90;35;8;4;0;0;120;120
100;172;36;8;6;0;0;120;120
100;92;36;11;9;0;0;120;120
100;170;36;8;6;0;0;120;120
100;90;35;13;8;0;0;120;120
100;97;35;8;6;0;0;120;120
100;93;35;8;8;0;0;120;120
100;95;35;8;6;0;0;120;120
100;33;34;8;6;0;0;120;120
100;32;33;4;3;0;0;120;120
100;98;35;4;4;0;0;120;120
100;33;34;9;6;0;0;120;120
100;90;36;4;4;0;0;120;120
100;32;34;8;6;0;0;120;120
100;94;56;4;4;0;0;120;120
100;60;35;9;8;0;0;120;120
100;33;34;6;4;0;0;120;120
100;96;36;4;4;0;0;120;120
100;33;53;8;6;0;0;120;120
100;94;36;6;4;0;0;120;120
100;110;35;8;8;0;0;120;120
100;32;32;8;8;0;0;120;120
100;32;33;6;3;0;0;120;120
100;32;33;4;4;0;0;120;120
100;93;34;4;4;0;0;120;120
100;32;33;8;6;0;0;120;120
100;78;34;4;4;0;0;120;120
100;32;33;8;6;0;0;120;120
100;32;34;4;4;0;0;120;120
100;91;35;4;4;0;0;120;120
100;33;34;8;6;0;0;120;120
100;33;34;6;4;0;0;120;120
100;32;34;4;4;0;0;120;120
100;90;35;4;4;0;0;120;120
100;33;33;8;6;0;0;120;120
100;32;35;4;4;0;0;120;120
100;32;34;6;4;0;0;120;120
100;32;34;4;4;0;0;120;120
100;31;34;4;3;0;0;120;120
100;32;34;4;4;0;0;120;120
100;32;34;4;4;0;0;120;120
100;31;34;6;3;0;0;120;120
100;89;33;4;4;0;0;120;120
100;32;33;8;6;0;0;120;120
100;32;53;4;3;0;0;120;120
100;102;54;6;4;0;0;120;120
100;32;34;9;8;0;0;120;120
100;32;53;6;4;0;0;120;120
100;97;55;4;4;0;0;120;120
100;33;53;9;6;0;0;120;120
100;33;53;6;4;0;0;120;120
100;109;57;6;4;0;0;120;120
100;91;57;11;8;0;0;120;120
100;138;57;8;8;0;0;120;120
100;91;57;13;8;0;0;120;120
100;118;57;9;8;0;0;120;120
100;107;56;9;8;0;0;120;120
100;124;56;11;9;0;0;120;120
100;106;56;9;8;0;0;120;120
100;119;57;11;8;0;0;120;120
100;110;56;9;9;0;0;120;120
100;118;57;11;8;0;0;120;120
100;113;57;9;9;0;0;120;120
100;92;56;11;9;0;0;120;120
100;92;36;9;8;0;0;120;120
100;118;36;8;6;0;0;120;120
100;32;53;9;8;0;0;120;120
100;107;56;6;6;0;0;120;120
100;91;57;9;8;0;0;120;120
100;135;57;9;8;0;0;120;120
100;93;57;11;11;0;0;120;120
100;131;56;9;8;0;0;120;120
100;95;57;11;9;0;0;120;120
100;133;57;9;8;0;0;120;120
100;89;57;11;11;0;0;120;120
100;127;56;9;8;0;0;120;120
100;98;56;11;9;0;0;120;120
100;118;56;9;8;0;0;120;120
100;107;57;11;9;0;0;120;120
100;32;53;11;8;0;0;120;120
100;109;57;4;4;0;0;120;120
100;119;57;9;8;0;0;120;120
100;90;56;11;9;0;0;120;120
100;118;57;9;6;0;0;120;120
100;118;57;9;8;0;0;120;120
100;107;57;11;9;0;0;120;120
100;110;57;9;8;0;0;120;120
100;112;57;11;8;0;0;120;120
100;149;57;9;8;0;0;120;120
100;116;57;13;9;0;0;120;120
100;32;53;11;9;0;0;120;120
100;32;53;4;4;0;0;120;120
100;32;53;4;4;0;0;120;120
100;32;53;6;4;0;0;120;120
100;33;53;6;6;0;0;120;120
100;109;57;6;4;0;0;120;120
100;108;56;11;8;0;0;120;120
100;32;53;9;9;0;0;120;120
100;109;57;6;4;0;0;120;120
100;95;57;9;8;0;0;120;120
100;118;56;9;9;0;0;120;120
100;90;56;11;8;0;0;120;120
100;140;56;9;8;0;0;120;120
100;99;57;11;11;0;0;120;120
100;130;57;9;8;0;0;120;120
100;92;57;13;9;0;0;120;120
100;136;57;9;9;0;0;120;120
100;97;57;11;9;0;0;120;120
100;92;57;9;9;0;0;120;120
100;91;56;9;8;0;0;120;120
100;92;57;9;8;0;0;120;120
100;90;57;9;8;0;0;120;120
100;120;57;9;8;0;0;120;120
100;112;36;9;9;0;0;120;120
100;141;36;9;8;0;0;120;120
100;90;57;11;9;0;0;120;120
100;151;57;9;6;0;0;120;120
100;120;57;13;11;0;0;120;120
100;33;33;11;8;0;0;120;120
100;32;33;4;4;0;0;120;120
100;109;34;4;4;0;0;120;120
100;32;33;9;6;0;0;120;120
100;118;57;4;4;0;0;120;120
100;91;57;11;8;0;0;120;120
100;32;53;9;8;0;0;120;120
100;32;34;6;4;0;0;120;120
100;32;34;4;4;0;0;120;120
100;114;36;4;3;0;0;120;120
100;109;56;9;8;0;0;120;120
100;117;56;11;9;0;0;120;120
100;110;57;9;8;0;0;120;120
100;32;54;11;9;0;0;120;120
100;119;57;6;4;0;0;120;120
100;105;57;11;9;0;0;120;120
100;92;57;9;8;0;0;120;120
100;93;57;9;8;0;0;120;120
100;90;57;9;8;0;0;120;120
100;112;57;9;8;0;0;120;120
100;90;56;9;9;0;0;120;120
100;93;57;9;8;0;0;120;120
100;133;57;9;8;0;0;120;120
100;90;56;11;11;0;0;120;120
100;111;56;8;8;0;0;120;120
100;89;57;11;9;0;0;120;120
100;117;57;9;8;0;0;120;120
100;109;57;11;9;0;0;120;120
100;121;57;9;9;0;0;120;120
100;107;56;11;9;0;0;120;120
100;115;57;9;8;0;0;120;120
100;107;57;11;9;0;0;120;120
100;119;57;9;9;0;0;120;120
100;105;57;11;8;0;0;120;120
100;116;57;9;9;0;0;120;120
100;111;57;11;8;0;0;120;120
100;116;57;11;8;0;0;120;120
100;106;35;9;9;0;0;120;120
100;32;33;9;6;0;0;120;120
100;128;36;4;4;0;0;120;120
100;32;33;11;8;0;0;120;120
100;109;57;4;3;0;0;120;120
100;33;53;9;8;0;0;120;120
100;32;53;6;4;0;0;120;120
100;112;35;6;6;0;0;120;120
100;137;35;9;6;0;0;120;120
100;33;54;11;9;0;0;120;120
100;92;35;6;4;0;0;120;120
100;91;35;8;6;0;0;120;120
100;111;35;8;8;0;0;120;120
100;32;34;9;6;0;0;120;120
100;117;36;4;4;0;0;120;120
100;32;34;9;8;0;0;120;120
100;99;35;4;4;0;0;120;120
100;92;36;8;8;0;0;120;120
100;32;32;9;6;0;0;120;120
100;79;34;4;4;0;0;120;120
100;33;33;8;6;0;0;120;120
100;91;58;4;4;0;0;120;120
100;32;53;9;8;0;0;120;120
100;100;57;6;6;0;0;120;120
100;90;57;9;8;0;0;120;120
100;32;54;9;8;0;0;120;120
100;96;36;6;6;0;0;120;120
100;106;57;8;6;0;0;120;120
100;33;54;11;9;0;0;120;120
100;32;54;6;6;0;0;120;120
100;33;54;4;4;0;0;120;120
100;93;57;6;6;0;0;120;120
100;32;53;9;8;0;0;120;120
100;32;53;6;4;0;0;120;120
100;33;54;6;6;0;0;120;120
100;109;58;6;4;0;0;120;120
100;33;54;9;9;0;0;120;120
100;32;53;6;4;0;0;120;120
100;33;33;6;4;0;0;120;120
100;32;33;6;4;0;0;120;120
100;31;53;4;4;0;0;120;120
100;32;33;6;4;0;0;120;120
100;32;53;4;4;0;0;120;120
100;32;33;6;4;0;0;120;120
100;32;53;4;4;0;0;120;120
100;32;53;6;4;0;0;120;120
100;32;54;6;4;0;0;120;120
100;31;33;6;4;0;0;120;120
100;32;33;4;4;0;0;120;120
100;31;33;6;3;0;0;120;120
100;31;33;4;4;0;0;120;120
100;31;33;4;3;0;0;120;120
100;31;33;4;4;0;0;120;120
100;32;33;6;3;0;0;120;120
100;32;32;6;4;0;0;120;120
100;31;33;4;4;0;0;120;120
100;32;33;4;4;0;0;120;120
100;32;33;6;4;0;0;120;120
100;32;32;6;4;0;0;120;120
100;32;33;6;4;0;0;120;120
100;32;33;6;4;0;0;120;120
100;32;33;6;4;0;0;120;120
100;32;33;6;6;0;0;120;120
100;32;33;4;4;0;0;120;120
100;32;33;6;4;0;0;120;120
100;32;33;6;4;0;0;120;120
100;32;34;6;4;0;0;120;120
100;32;33;6;6;0;0;120;120
100;32;33;6;4;0;0;120;120
100;32;33;6;4;0;0;120;120
100;32;34;4;6;0;0;120;120
100;31;33;6;4;0;0;120;120
100;31;55;6;4;0;0;120;120
100;31;54;6;6;0;0;120;120
100;31;54;6;4;0;0;120;120
100;32;54;6;4;0;0;120;120
100;31;54;6;6;0;0;120;120
100;31;54;6;4;0;0;120;120
100;31;33;4;6;0;0;120;120
100;31;33;6;4;0;0;120;120
100;32;32;6;4;0;0;120;120
100;31;54;4;4;0;0;120;120
100;31;54;6;6;0;0;120;120
100;32;34;6;4;0;0;120;120
100;32;55;6;6;0;0;120;120
100;31;34;6;4;0;0;120;120
100;32;32;4;4;0;0;120;120
100;31;33;4;6;0;0;120;120
100;32;33;6;4;0;0;120;120
100;31;33;6;6;0;0;120;120
100;32;55;6;4;0;0;120;120
100;32;54;6;6;0;0;120;120
100;31;53;6;4;0;0;120;120
100;32;55;6;4;0;0;120;120
100;32;54;6;6;0;0;120;120
100;31;54;6;4;0;0;120;120
100;31;54;4;4;0;0;120;120
100;31;54;4;6;0;0;120;120
100;31;54;6;4;0;0;120;120
100;32;54;6;4;0;0;120;120
100;31;54;6;4;0;0;120;120
100;32;54;6;6;0;0;120;120
100;31;55;6;4;0;0;120;120
100;32;53;6;4;0;0;120;120
100;31;53;6;4;0;0;120;120
100;31;54;6;4;0;0;120;120
100;31;54;6;4;0;0;120;120
100;32;37;6;4;0;0;120;120
100;32;54;4;4;0;0;120;120
100;31;53;6;4;0;0;120;120
100;32;54;6;4;0;0;120;120
100;31;36;6;4;0;0;120;120
100;32;55;4;4;0;0;120;120
100;31;33;6;4;0;0;120;120
100;31;54;6;4;0;0;120;120
100;31;36;6;4;0;0;120;120
100;31;35;4;4;0;0;120;120
100;31;34;6;4;0;0;120;120
100;31;36;6;6;0;0;120;120
100;32;36;4;4;0;0;120;120
100;31;35;4;4;0;0;120;120
100;32;37;6;4;0;0;120;120
100;32;36;6;6;0;0;120;120
100;31;35;6;4;0;0;120;120
100;32;34;6;4;0;0;120;120
100;32;34;4;4;0;0;120;120
100;31;33;6;6;0;0;120;120
100;31;33;6;4;0;0;120;120
100;31;33;6;4;0;0;120;120
100;31;32;6;6;0;0;120;120
100;31;33;6;4;0;0;120;120
100;31;33;4;6;0;0;120;120
100;31;33;6;4;0;0;120;120
100;31;33;6;4;0;0;120;120
100;31;33;6;6;0;0;120;120
100;31;33;6;4;0;0;120;120
100;31;33;6;6;0;0;120;120
100;31;33;4;4;0;0;120;120
100;31;33;6;4;0;0;120;120
100;31;33;6;6;0;0;120;120
100;31;33;6;4;0;0;120;120
100;31;33;6;6;0;0;120;120
100;31;32;6;4;0;0;120;120
100;31;32;4;6;0;0;120;120
100;31;33;4;4;0;0;120;120
100;31;32;6;4;0;0;120;120
100;31;33;6;6;0;0;120;120
100;31;32;6;4;0;0;120;120
100;31;33;6;6;0;0;120;120
100;31;33;6;4;0;0;120;120
100;31;33;4;4;0;0;120;120
100;31;32;4;4;0;0;120;120
100;31;32;6;6;0;0;120;120
100;31;32;6;4;0;0;120;120
100;31;32;6;4;0;0;120;120
100;31;33;6;4;0;0;120;120
100;31;33;6;4;0;0;120;120
100;31;33;6;4;0;0;120;120
100;31;32;4;4;0;0;120;120
100;31;33;6;4;0;0;120;120
100;31;33;6;4;0;0;120;120
100;31;33;6;4;0;0;120;120
100;31;33;6;4;0;0;120;120
100;31;33;6;4;0;0;120;120
100;31;33;6;4;0;0;120;120
100;31;33;4;4;0;0;120;120
100;31;33;6;6;0;0;120;120
100;31;33;6;4;0;0;120;120
100;31;33;6;4;0;0;120;120
100;31;33;6;4;0;0;120;120
100;31;33;6;4;0;0;120;120
100;31;33;4;4;0;0;120;120
100;31;33;6;4;0;0;120;120
100;31;33;6;4;0;0;120;120
100;32;33;6;6;0;0;120;120
100;32;33;6;4;0;0;120;120
100;32;33;4;4;0;0;120;120
100;32;33;4;4;0;0;120;120
100;31;34;6;6;0;0;120;120
100;32;34;6;4;0;0;120;120
100;32;34;6;4;0;0;120;120
100;32;34;6;4;0;0;120;120
100;32;33;4;6;0;0;120;120
100;32;34;4;4;0;0;120;120
100;32;34;6;4;0;0;120;120
100;31;33;6;6;0;0;120;120
100;32;33;6;4;0;0;120;120
100;32;33;6;4;0;0;120;120
100;32;34;6;6;0;0;120;120
100;32;33;4;4;0;0;120;120
100;32;32;4;4;0;0;120;120
100;32;33;6;6;0;0;120;120
100;32;33;6;4;0;0;120;120
100;32;33;6;6;0;0;120;120
100;32;33;6;4;0;0;120;120
100;32;32;6;4;0;0;120;120
100;32;33;6;6;0;0;120;120
100;32;33;4;4;0;0;120;120
100;32;33;6;6;0;0;120;120
100;32;33;6;4;0;0;120;120
100;31;32;6;6;0;0;120;120
100;31;33;6;4;0;0;120;120
100;32;33;6;4;0;0;120;120
100;31;33;6;6;0;0;120;120
100;32;32;4;4;0;0;120;120
100;31;32;6;4;0;0;120;120
100;31;33;6;6;0;0;120;120
100;32;33;6;4;0;0;120;120
100;31;32;6;4;0;0;120;120
100;31;34;6;4;0;0;120;120
100;32;32;6;4;0;0;120;120
100;32;33;6;4;0;0;120;120
100;32;34;4;4;0;0;120;120
100;31;33;6;4;0;0;120;120
100;32;32;6;4;0;0;120;120
100;32;33;6;4;0;0;120;120
100;32;33;6;4;0;0;120;120
100;32;33;6;4;0;0;120;120
100;32;33;4;4;0;0;120;120
100;32;33;6;4;0;0;120;120
100;32;33;6;4;0;0;120;120
100;32;33;6;4;0;0;120;120
100;32;33;6;4;0;0;120;120
100;32;33;4;4;0;0;120;120
100;32;33;6;4;0;0;120;120
100;32;33;6;4;0;0;120;120
100;32;33;6;4;0;0;120;120
100;31;33;6;4;0;0;120;120
100;32;33;6;6;0;0;120;120
100;31;33;4;4;0;0;120;120
100;32;34;6;4;0;0;120;120
100;31;33;6;4;0;0;120;120
100;31;33;6;4;0;0;120;120
100;32;33;6;6;0;0;120;120
100;32;33;6;4;0;0;120;120
100;32;33;6;4;0;0;120;120
100;32;33;4;4;0;0;120;120
100;32;33;6;4;0;0;120;120
100;31;33;6;4;0;0;120;120
100;32;33;6;4;0;0;120;120
100;32;33;6;6;0;0;120;120
100;32;33;6;4;0;0;120;120
100;32;32;6;4;0;0;120;120
100;32;33;4;6;0;0;120;120
100;32;34;6;4;0;0;120;120
100;31;34;6;4;0;0;120;120
100;31;33;6;4;0;0;120;120
100;31;34;6;4;0;0;120;120
100;32;33;6;6;0;0;120;120
100;32;34;6;4;0;0;120;120
100;31;33;6;6;0;0;120;120
100;32;33;4;4;0;0;120;120
100;32;33;6;4;0;0;120;120
100;32;32;6;6;0;0;120;120
100;32;32;6;4;0;0;120;120
100;32;32;6;6;0;0;120;120
100;31;32;6;4;0;0;120;120
100;31;33;6;4;0;0;120;120
100;31;33;4;6;0;0;120;120
100;31;33;6;4;0;0;120;120
100;31;33;6;4;0;0;120;120
100;31;33;6;6;0;0;120;120
100;31;32;6;4;0;0;120;120
100;31;33;6;4;0;0;120;120
100;32;33;4;4;0;0;120;120
100;31;32;6;4;0;0;120;120
100;31;32;6;6;0;0;120;120
100;31;32;6;4;0;0;120;120
100;31;32;6;4;0;0;120;120
100;31;32;6;4;0;0;120;120
100;31;32;4;4;0;0;120;120
100;31;32;6;4;0;0;120;120
100;31;32;6;4;0;0;120;120
100;31;32;6;4;0;0;120;120
100;31;32;6;4;0;0;120;120
100;31;33;6;4;0;0;120;120
100;31;32;4;4;0;0;120;120
100;31;32;6;4;0;0;120;120
100;31;32;6;4;0;0;120;120
100;31;31;6;4;0;0;120;120
100;31;32;6;4;0;0;120;120
100;31;32;6;4;0;0;120;120
100;31;32;6;4;0;0;120;120
100;31;32;4;4;0;0;120;120
100;31;32;6;6;0;0;120;120
100;30;31;6;4;0;0;120;120
100;31;31;6;4;0;0;120;120
100;31;31;6;4;0;0;120;120
100;31;32;6;4;0;0;120;120
100;31;31;6;4;0;0;120;120
100;31;31;4;6;0;0;120;120
100;31;31;6;4;0;0;120;120
100;30;32;6;4;0;0;120;120
100;30;32;6;4;0;0;120;120
100;30;32;6;6;0;0;120;120
100;30;32;6;4;0;0;120;120
100;30;31;6;4;0;0;120;120
100;30;32;6;6;0;0;120;120
100;30;31;4;4;0;0;120;120
100;30;31;6;4;0;0;120;120
100;30;31;6;4;0;0;120;120
100;30;32;6;4;0;0;120;120
100;29;31;4;4;0;0;120;120
100;29;32;6;6;0;0;120;120
100;29;32;4;4;0;0;120;120
100;30;31;6;3;0;0;120;120
100;29;32;4;3;0;0;120;120
100;29;31;6;4;0;0;120;120
100;29;31;4;4;0;0;120;120
100;29;32;4;4;0;0;120;120
100;29;32;4;4;0;0;120;120
100;29;31;6;3;0;0;120;120
100;30;31;4;4;0;0;120;120
100;29;31;4;4;0;0;120;120
100;29;31;4;3;0;0;120;120
100;29;31;4;4;0;0;120;120
100;29;31;4;3;0;0;120;120
100;29;31;4;3;0;0;120;120
100;29;31;4;4;0;0;120;120
100;29;31;4;3;0;0;120;120
100;29;31;4;3;0;0;120;120
100;29;31;4;3;0;0;120;120
100;29;31;3;3;0;0;120;120
100;29;31;4;3;0;0;120;120
100;29;31;4;3;0;0;120;120
100;29;31;4;3;0;0;120;120
100;29;31;3;1;0;0;120;120
100;29;31;4;3;0;0;120;120
100;29;31;3;1;0;0;120;120
100;29;31;4;3;0;0;120;120
100;29;31;4;1;0;0;120;120
100;29;31;3;1;0;0;120;120
100;29;31;3;1;0;0;120;120
100;29;31;4;1;0;0;120;120
100;29;31;3;1;0;0;120;120
100;29;31;4;1;0;0;120;120
100;29;32;3;1;0;0;120;120
100;29;31;3;1;0;0;120;120
100;29;31;3;1;0;0;120;120
100;29;32;4;0;0;0;120;120
100;29;32;3;1;0;0;120;120
100;29;32;3;0;0;0;120;120
100;29;31;3;1;0;0;120;120
100;29;31;3;0;0;0;120;120
100;29;31;3;0;0;0;120;120
100;29;31;3;1;0;0;120;120
100;29;31;3;0;0;0;120;120
100;29;31;3;0;0;0;120;120
100;29;31;3;0;0;0;120;120
100;29;31;3;0;0;0;120;120
100;29;31;3;0;0;0;120;120
100;29;31;3;0;0;0;120;120
100;29;31;3;0;0;0;120;120
100;29;31;1;0;0;0;120;120
100;29;31;3;0;0;0;120;120
100;29;31;3;0;0;0;120;120
100;29;31;3;0;0;0;120;120
100;29;32;1;0;0;0;120;120
100;29;31;3;0;0;0;120;120
100;29;31;3;0;0;0;120;120
100;29;32;1;0;0;0;120;120
100;29;32;3;0;0;0;120;120
100;29;32;1;0;0;0;120;120
100;29;32;3;0;0;0;120;120
100;29;32;1;0;0;0;120;120
100;29;32;3;0;0;0;120;120
100;29;32;1;0;0;0;120;120
100;29;32;3;0;0;0;120;120
100;29;32;1;0;0;0;120;120
100;29;32;1;0;0;0;120;120
100;29;32;3;0;0;0;120;120
100;29;32;1;0;0;0;120;120
100;30;32;1;0;0;0;120;120
100;29;32;1;0;0;0;120;120
100;29;32;3;0;0;0;120;120
100;29;32;1;0;0;0;120;120
100;29;32;1;0;0;0;120;120
100;29;32;1;0;0;0;120;120
100;29;32;1;0;0;0;120;120
100;29;33;1;0;0;0;120;120
100;29;32;1;0;0;0;120;120
100;30;33;1;0;0;0;120;120
100;29;33;1;0;0;0;120;120
100;29;33;1;0;0;0;120;120
100;29;33;1;0;0;0;120;120
100;30;34;1;0;0;0;120;120
100;30;33;1;0;0;0;120;120
100;30;33;1;0;0;0;120;120
100;30;33;1;0;0;0;120;120
100;29;33;1;0;0;0;120;120
100;30;33;0;0;0;0;120;120
100;30;56;1;0;0;0;120;120
100;31;33;1;0;0;0;120;120
100;30;32;1;0;0;0;120;120
100;31;31;0;0;0;0;120;120
100;30;32;1;0;0;0;120;120
100;31;31;1;0;0;0;120;120
100;101;32;0;0;0;0;120;120
100;94;32;1;0;0;0;120;120
100;98;32;1;0;0;0;120;120
100;30;32;0;0;0;0;120;120
100;30;32;1;0;0;0;120;120
100;88;32;0;0;0;0;120;120
100;91;56;0;0;0;0;120;120
100;154;57;1;0;0;0;120;120
100;152;57;1;0;0;0;120;120
100;109;57;0;0;0;0;120;120
100;96;41;0;0;0;0;120;120
100;109;38;1;0;0;0;120;120
100;109;38;0;0;0;0;120;120
100;160;37;0;0;0;0;120;120
100;108;38;0;0;0;0;120;120
100;91;40;0;0;0;0;120;120
100;69;57;0;0;0;0;120;120
100;93;58;0;0;0;0;120;120
100;98;58;0;0;0;0;120;120
100;104;58;0;0;0;0;120;120
100;91;58;0;0;0;0;120;120
100;93;42;0;0;0;0;120;120
100;93;39;0;0;0;0;120;120
100;94;39;0;0;0;0;120;120
100;173;37;0;0;0;0;120;120
100;92;37;0;0;0;0;120;120
100;92;37;0;0;0;0;120;120
100;92;38;0;0;0;0;120;120
100;176;37;0;0;0;0;120;120
100;159;37;0;0;0;0;120;120
100;93;37;0;0;0;0;120;120
100;176;36;0;0;0;0;120;120
100;92;37;0;0;0;0;120;120
100;173;38;0;0;0;0;120;120
100;162;36;0;0;0;0;120;120
100;113;36;0;0;0;0;120;120
100;164;35;0;0;0;0;120;120
100;112;36;0;0;0;0;120;120
100;162;36;0;0;0;0;120;120
100;115;36;0;0;0;0;120;120
100;160;36;0;0;0;0;120;120
100;115;37;0;0;0;0;120;120
100;113;38;0;0;0;0;120;120
100;161;38;0;0;0;0;120;120
100;113;38;0;0;0;0;120;120
100;158;37;0;0;0;0;120;120
100;171;36;0;0;0;0;120;120
100;94;36;0;0;0;0;120;120
100;175;35;0;0;0;0;120;120
100;101;36;0;0;0;0;120;120
100;103;35;0;0;0;0;120;120
100;92;36;0;0;0;0;120;120
100;98;37;0;0;0;0;120;120
100;92;37;0;0;0;0;120;120
100;88;36;0;0;0;0;120;120
100;92;35;0;0;0;0;120;120
100;105;35;0;0;0;0;120;120
100;104;36;0;0;0;0;120;120
100;106;37;0;0;0;0;120;120
100;105;37;0;0;0;0;120;120
100;93;36;0;0;0;0;120;120
100;106;36;0;0;0;0;120;120
100;95;37;0;0;0;0;120;120
100;98;37;0;0;0;0;120;120
100;98;38;0;0;0;0;120;120
100;106;38;0;0;0;0;120;120
100;105;37;0;0;0;0;120;120
100;167;37;0;0;0;0;120;120
100;92;37;0;0;0;0;120;120
100;107;38;0;0;0;0;120;120
100;113;37;0;0;0;0;120;120
100;157;36;0;0;0;0;120;120
100;118;37;0;0;0;0;120;120
100;172;37;0;0;0;0;120;120
100;174;36;0;0;0;0;120;120
100;173;37;0;0;0;0;120;120
100;172;38;0;0;0;0;120;120
100;171;38;0;0;0;0;120;120
100;97;37;0;0;0;0;120;120
100;172;36;0;0;0;0;120;120
100;99;37;0;0;0;0;120;120
100;99;37;0;0;0;0;120;120
100;130;38;0;0;0;0;120;120
100;140;37;0;0;0;0;120;120
100;88;36;0;0;0;0;120;120
100;174;37;0;0;0;0;120;120
100;103;38;0;0;0;0;120;120
100;171;37;0;0;0;0;120;120
100;159;36;0;0;0;0;120;120
100;119;37;0;0;0;0;120;120
100;170;38;0;0;0;0;120;120
100;96;37;0;0;0;0;120;120
100;171;37;0;0;0;0;120;120
100;97;37;0;0;0;0;120;120
100;92;37;0;0;0;0;120;120
100;96;37;0;0;0;0;120;120
100;90;37;0;0;0;0;120;120
100;91;37;0;0;0;0;120;120
100;87;37;0;0;0;0;120;120
100;172;38;0;0;0;0;120;120
100;111;38;0;0;0;0;120;120
100;162;37;0;0;0;0;120;120
100;111;37;0;0;0;0;120;120
100;90;37;0;0;0;0;120;120
100;173;38;0;0;0;0;120;120
100;87;37;0;0;0;0;120;120
100;172;38;0;0;0;0;120;120
100;100;36;0;0;0;0;120;120
100;171;37;0;0;0;0;120;120
100;104;37;0;0;0;0;120;120
100;90;31;0;0;0;0;120;120
100;87;38;0;0;0;0;120;120
100;87;27;0;0;0;0;120;120
100;85;66;0;0;0;0;120;120
100;144;30;0;0;0;0;120;120
100;105;66;0;0;0;0;120;120
100;113;31;0;0;0;0;120;120
100;139;59;0;0;0;0;120;120
100;153;58;0;0;0;0;120;120
100;155;31;0;0;0;0;120;120
100;181;40;0;0;0;0;120;120
100;157;36;0;0;0;0;120;120
100;173;58;0;0;0;0;120;120
100;152;40;0;0;0;0;120;120
100;97;40;0;0;0;0;120;120
100;107;58;0;0;0;0;120;120
100;139;57;0;0;0;0;120;120
100;105;58;0;0;0;0;120;120
100;106;58;0;0;0;0;120;120
100;107;58;0;0;0;0;120;120
100;152;34;0;0;0;0;120;120
100;111;35;0;0;0;0;120;120
100;174;57;0;0;0;0;120;120
100;156;58;0;0;0;0;120;120
100;153;58;0;0;0;0;120;120
100;152;58;0;0;0;0;120;120
100;150;58;0;0;0;0;120;120
100;152;57;0;0;0;0;120;120
100;88;34;0;0;0;0;120;120
100;93;58;0;0;0;0;120;120
100;87;58;0;0;0;0;120;120
100;140;58;0;0;0;0;120;120
100;86;57;0;0;0;0;120;120
100;140;34;0;0;0;0;120;120
100;91;35;0;0;0;0;120;120
100;105;57;0;0;0;0;120;120
100;146;32;0;0;0;0;120;120
100;105;31;0;0;0;0;120;120
100;173;33;0;0;0;0;120;120
100;104;33;0;0;0;0;120;120
100;227;58;0;0;0;0;120;120
100;87;33;0;0;0;0;120;120
100;155;58;0;0;0;0;120;120
100;127;36;0;0;0;0;120;120
100;176;35;0;0;0;0;120;120
100;95;36;0;0;0;0;120;120
100;238;24;0;0;0;0;120;120
100;103;25;0;0;0;0;120;120
100;240;59;0;0;0;0;120;120
100;153;40;0;0;0;0;120;120
100;108;40;0;0;0;0;120;120
100;153;57;0;0;0;0;120;120
100;153;58;0;0;0;0;120;120
100;152;58;0;0;0;0;120;120
100;156;58;0;0;0;0;120;120
100;152;58;0;0;0;0;120;120
100;103;32;0;0;0;0;120;120
100;103;31;0;0;0;0;120;120
100;98;33;0;0;0;0;120;120
100;100;58;0;0;0;0;120;120
100;104;58;0;0;0;0;120;120
100;98;58;0;0;0;0;120;120
100;99;57;0;0;0;0;120;120
100;101;21;0;0;0;0;120;120
100;83;20;0;0;0;0;120;120
100;81;21;0;0;0;0;120;120
100;99;23;0;0;0;0;120;120
100;81;57;0;0;0;0;120;120
100;82;57;0;0;0;0;120;120
100;81;33;0;0;0;0;120;120
100;105;34;0;0;0;0;120;120
100;227;35;0;0;0;0;120;120
100;102;34;0;0;0;0;120;120
100;101;34;0;0;0;0;120;120
100;101;33;0;0;0;0;120;120
100;174;32;0;0;0;0;120;120
100;108;32;0;0;0;0;120;120
100;171;58;0;0;0;0;120;120
100;78;56;0;0;0;0;120;120
100;78;57;0;0;0;0;120;120
100;77;57;0;0;0;0;120;120
100;76;57;0;0;0;0;120;120
100;76;57;0;0;0;0;120;120
100;76;57;0;0;0;0;120;120
100;76;57;0;0;0;0;120;120
100;101;57;0;0;0;0;120;120
100;77;56;0;0;0;0;120;120
100;101;57;0;0;0;0;120;120
100;99;57;0;0;0;0;120;120
100;139;57;0;0;0;0;120;120
100;163;57;0;0;0;0;120;120
100;98;58;0;0;0;0;120;120
100;102;58;0;0;0;0;120;120
100;124;58;0;0;0;0;120;120
100;151;58;0;0;0;0;120;120
100;157;58;0;0;0;0;120;120
100;151;58;0;0;0;0;120;120
100;153;58;0;0;0;0;120;120
100;99;58;0;0;0;0;120;120
100;83;58;0;0;0;0;120;120
100;149;58;0;0;0;0;120;120
100;160;59;0;0;0;0;120;120
100;151;58;0;0;0;0;120;120
100;161;58;0;0;0;0;120;120
100;155;58;0;0;0;0;120;120
100;327;58;0;0;0;0;120;120
100;326;58;0;0;0;0;120;120
100;326;58;0;0;0;0;120;120
100;326;58;0;0;0;0;120;120
100;330;58;0;0;0;0;120;120
100;328;58;0;0;0;0;120;120
100;331;58;0;0;0;0;120;120
100;331;58;0;0;0;0;120;120
100;330;58;0;0;0;0;120;120
100;332;58;0;0;0;0;120;120
100;338;58;0;0;0;0;120;120
100;157;58;0;0;0;0;120;120
100;100;58;0;0;0;0;120;120
100;134;58;0;0;0;0;120;120
100;157;58;0;0;0;0;120;120
100;150;58;0;0;0;0;120;120
100;100;58;0;0;0;0;120;120
100;127;58;0;0;0;0;120;120
100;101;58;0;0;0;0;120;120
100;85;58;0;0;0;0;120;120
100;81;58;0;0;0;0;120;120
100;79;57;0;0;0;0;120;120
100;78;58;0;0;0;0;120;120
100;76;58;0;0;0;0;120;120
100;80;57;0;0;0;0;120;120
100;76;58;0;0;0;0;120;120