4;20;21;0;0;0;0;0;110;110
4;20;21;0;0;0;0;0;110;110
4;20;21;0;0;0;0;0;110;110
3;19;21;0;0;0;0;0;110;110
4;18;21;0;0;0;0;0;110;110
4;18;22;0;0;0;0;0;110;110
4;19;22;0;0;0;0;0;110;110
4;20;22;0;0;0;0;0;110;110
3;20;21;0;0;0;0;0;110;110
4;22;21;0;0;0;0;0;110;110
4;21;21;0;0;0;0;0;110;110
4;20;21;0;0;0;0;0;110;110
4;19;22;0;0;0;0;0;110;110
4;21;21;0;0;0;0;0;110;110
5;19;23;0;0;0;0;0;110;110
4;20;21;0;0;0;0;0;110;110
4;19;22;0;0;0;0;0;110;110
4;18;22;0;0;0;0;0;110;110
4;20;21;0;0;0;0;0;110;110
4;20;21;0;0;0;0;0;110;110
5;21;21;0;0;0;0;0;110;110
4;21;21;0;0;0;0;0;110;110
4;19;21;0;0;0;0;0;110;110
4;20;21;0;0;0;0;0;110;110
4;19;21;0;0;0;0;0;110;110
4;20;22;0;0;0;0;0;110;110
4;20;21;0;0;0;0;0;110;110
4;21;22;0;0;0;0;0;110;110
4;20;21;0;0;0;0;0;110;110
4;22;21;0;0;0;0;0;110;110
4;19;22;0;0;0;0;0;110;110
4;22;21;0;0;0;0;0;110;110
4;18;21;0;0;0;0;0;110;110
5;19;21;0;0;0;0;0;110;110
4;18;22;0;0;0;0;0;110;110
4;20;21;0;0;0;0;0;110;110
4;21;21;0;0;0;0;0;110;110
4;18;22;0;0;0;0;0;110;110
4;21;22;0;0;0;0;0;110;110
5;18;22;0;0;0;0;0;110;110
4;19;21;0;0;0;0;0;110;110
4;20;21;0;0;0;0;0;110;110
4;18;22;0;0;0;0;0;110;110
4;18;24;0;0;0;0;0;110;110
4;18;21;0;0;0;0;0;110;110
4;20;21;0;0;0;0;0;110;110
4;20;21;0;0;0;0;0;110;110
4;19;21;0;0;0;0;0;110;110
4;20;21;0;0;0;0;0;110;110
4;19;22;0;0;0;0;0;110;110
4;20;21;0;0;0;0;0;110;110
4;19;21;0;0;0;0;0;110;110
5;19;22;0;0;0;0;0;110;110
4;20;23;0;0;0;0;0;110;110
4;19;22;0;0;0;0;0;110;110
4;19;22;0;0;0;0;0;110;110
4;20;21;0;0;0;0;0;110;110
4;19;22;0;0;0;0;0;110;110
5;20;21;0;0;0;0;0;110;110
4;19;22;0;0;0;0;0;110;110
4;20;22;0;0;0;0;0;110;110
4;19;21;0;0;0;0;0;110;110
4;19;22;0;0;0;0;0;110;110
4;20;21;0;0;0;0;0;110;110
4;18;21;0;0;0;0;0;110;110
4;20;21;0;0;0;0;0;110;110
4;20;21;0;0;0;0;0;110;110
4;20;21;0;0;0;0;0;110;110
4;20;23;0;0;0;0;0;110;110
4;18;23;0;0;0;0;0;110;110
4;19;22;0;0;0;0;0;110;110
5;20;21;0;0;0;0;0;110;110
4;19;22;0;0;0;0;0;110;110
4;21;21;0;0;0;0;0;110;110
4;18;21;0;0;0;0;0;110;110
4;21;21;0;0;0;0;0;110;110
4;20;21;0;0;0;0;0;110;110
5;20;22;0;0;0;0;0;110;110
4;20;21;0;0;0;0;0;110;110
4;20;22;0;0;0;0;0;110;110
4;19;21;0;0;0;0;0;110;110
4;19;21;0;0;0;0;0;110;110
4;19;22;0;0;0;0;0;110;110
4;21;21;0;0;0;0;0;110;110
4;19;22;0;0;0;0;0;110;110
4;19;22;0;0;0;0;0;110;110
4;21;21;0;0;0;0;0;110;110
4;19;22;0;0;0;0;0;110;110
4;20;21;0;0;0;0;0;110;110
4;19;22;0;0;0;0;0;110;110
4;21;22;0;0;0;0;0;110;110
4;19;21;0;0;0;0;0;110;110
4;18;22;0;0;0;0;0;110;110
4;19;23;0;0;0;0;0;110;110
4;18;21;0;0;0;0;0;110;110
4;21;21;0;0;0;0;0;110;110
5;19;22;0;0;0;0;0;110;110
4;18;24;0;0;0;0;0;110;110
4;21;21;0;0;0;0;0;110;110
4;19;22;0;0;0;0;0;110;110
4;20;21;0;0;0;0;0;110;110
4;19;21;0;0;0;0;0;110;110
4;21;22;0;0;0;0;0;110;110
4;20;21;0;0;0;0;0;110;110
4;18;22;0;0;0;0;0;110;110
4;20;21;0;0;0;0;0;110;110
3;20;21;0;0;0;0;0;110;110
4;20;21;0;0;0;0;0;110;110
4;21;21;0;0;0;0;0;110;110
4;19;22;0;0;0;0;0;110;110
4;20;21;0;0;0;0;0;110;110
3;19;21;0;0;0;0;0;110;110
4;20;22;0;0;0;0;0;110;110
4;19;22;0;0;0;0;0;110;110
4;18;21;0;0;0;0;0;110;110
5;21;21;0;0;0;0;0;110;110
3;20;21;0;0;0;0;0;110;110
4;18;21;0;0;0;0;0;110;110
4;21;21;0;0;0;0;0;110;110
4;20;22;0;0;0;0;0;110;110
4;20;21;0;0;0;0;0;110;110
3;20;21;0;0;0;0;0;110;110
4;19;22;0;0;0;0;0;110;110
4;21;22;0;0;0;0;0;110;110
4;18;22;0;0;0;0;0;110;110
4;21;21;0;0;0;0;0;110;110
3;20;21;0;0;0;0;0;110;110
4;20;22;0;0;0;0;0;110;110
4;20;21;0;0;0;0;0;110;110
4;20;21;0;0;0;0;0;110;110
4;20;21;0;0;0;0;0;110;110
4;20;21;0;0;0;0;0;110;110
4;19;22;0;0;0;0;0;110;110
4;21;21;0;0;0;0;0;110;110
5;19;21;0;0;0;0;0;110;110
4;20;22;0;0;0;0;0;110;110
4;20;21;0;0;0;0;0;110;110
4;22;21;0;0;0;0;0;110;110
4;20;22;0;0;0;0;0;110;110
4;21;21;0;0;0;0;0;110;110
5;18;22;0;0;0;0;0;110;110
4;19;21;0;0;0;0;0;110;110
4;18;21;0;0;0;0;0;110;110
4;19;21;0;0;0;0;0;110;110
4;18;22;0;0;0;0;0;110;110
4;20;20;0;0;0;0;0;110;110
4;19;24;0;0;0;0;0;110;110
4;18;23;0;0;0;0;0;110;110
4;21;21;0;0;0;0;0;110;110
4;21;21;0;0;0;0;0;110;110
4;18;21;0;0;0;0;0;110;110
3;19;21;0;0;0;0;0;110;110
4;19;21;0;0;0;0;0;110;110
5;22;22;0;0;0;0;0;110;110
4;19;21;0;0;0;0;0;110;110
4;21;22;0;0;0;0;0;110;110
4;20;21;0;0;0;0;0;110;110
4;22;22;0;0;0;0;0;110;110
4;18;21;0;0;0;0;0;110;110
5;19;21;0;0;0;0;0;110;110
4;18;22;0;0;0;0;0;110;110
4;19;21;0;0;0;0;0;110;110
4;19;21;0;0;0;0;0;110;110
4;19;23;0;0;0;0;0;110;110
4;19;23;0;0;0;0;0;110;110
4;19;22;0;0;0;0;0;110;110
4;21;21;0;0;0;0;0;110;110
4;18;23;0;0;0;0;0;110;110
4;19;21;0;0;0;0;0;110;110
4;20;21;0;0;0;0;0;110;110
4;18;22;0;0;0;0;0;110;110
4;18;23;0;0;0;0;0;110;110
5;18;21;0;0;0;0;0;110;110
4;20;21;0;0;0;0;0;110;110
4;20;21;0;0;0;0;0;110;110
4;19;22;0;0;0;0;0;110;110
4;19;24;0;0;0;0;0;110;110
4;18;24;0;0;0;0;0;110;110
5;19;22;0;0;0;0;0;110;110
4;21;21;0;0;0;0;0;110;110
4;18;21;0;0;0;0;0;110;110
4;18;24;0;0;0;0;0;110;110
4;18;21;0;0;0;0;0;110;110
4;20;21;0;0;0;0;0;110;110
4;20;21;0;0;0;0;0;110;110
4;22;22;0;0;0;0;0;110;110
4;20;22;0;0;0;0;0;110;110
4;18;22;0;0;0;0;0;110;110
4;18;22;0;0;0;0;0;110;110
4;18;24;0;0;0;0;0;110;110
4;18;21;0;0;0;0;0;110;110
4;19;21;0;0;0;0;0;110;110
4;19;21;0;0;0;0;0;110;110
4;20;22;0;0;0;0;0;110;110
4;20;21;0;0;0;0;0;110;110
4;19;21;0;0;0;0;0;110;110
4;20;22;0;0;0;0;0;110;110
5;19;22;0;0;0;0;0;110;110
4;19;22;0;0;0;0;0;110;110
4;20;21;0;0;0;0;0;110;110
4;18;21;0;0;0;0;0;110;110
4;19;23;0;0;0;0;0;110;110
4;18;21;0;0;0;0;0;110;110
5;20;21;0;0;0;0;0;110;110
4;20;21;0;0;0;0;0;110;110
4;20;21;0;0;0;0;0;110;110
4;20;21;0;0;0;0;0;110;110
4;18;23;0;0;0;0;0;110;110
4;19;23;0;0;0;0;0;110;110
5;21;21;0;0;0;0;0;110;110
4;18;21;0;0;0;0;0;110;110
4;19;24;0;0;0;0;0;110;110
4;19;23;0;0;0;0;0;110;110
4;19;22;0;0;0;0;0;110;110
4;20;21;0;0;0;0;0;110;110
4;21;21;0;0;0;0;0;110;110
5;20;22;0;0;0;0;0;110;110
4;19;23;0;0;0;0;0;110;110
4;19;22;0;0;0;0;0;110;110
4;20;21;0;0;0;0;0;110;110
4;18;21;0;0;0;0;0;110;110
4;19;23;0;0;0;0;0;110;110
5;18;21;0;0;0;0;0;110;110
4;21;21;0;0;0;0;0;110;110
4;20;21;0;0;0;0;0;110;110
4;19;21;0;0;0;0;0;110;110
4;20;22;0;0;0;0;0;110;110
4;18;22;0;0;0;0;0;110;110
4;19;22;0;0;0;0;0;110;110
5;21;22;0;0;0;0;0;110;110
4;18;21;0;0;0;0;0;110;110
4;19;21;0;0;0;0;0;110;110
4;18;21;0;0;0;0;0;110;110
4;19;21;0;0;0;0;0;110;110
3;20;21;0;0;0;0;0;110;110
5;19;22;0;0;0;0;0;110;110
4;19;24;0;0;0;0;0;110;110
4;19;21;0;0;0;0;0;110;110
4;21;21;0;0;0;0;0;110;110
3;20;21;0;0;0;0;0;110;110
4;19;22;0;0;0;0;0;110;110
5;21;21;0;0;0;0;0;110;110
4;18;21;0;0;0;0;0;110;110
4;20;21;0;0;0;0;0;110;110
3;20;21;0;0;0;0;0;110;110
4;21;21;0;0;0;0;0;110;110
4;20;21;0;0;0;0;0;110;110
4;19;21;0;0;0;0;0;110;110
4;20;21;0;0;0;0;0;110;110
4;20;21;0;0;0;0;0;110;110
4;19;22;0;0;0;0;0;110;110
4;20;21;0;0;0;0;0;110;110
4;19;22;0;0;0;0;0;110;110
4;21;22;0;0;0;0;0;110;110
4;20;21;0;0;0;0;0;110;110
4;22;22;0;0;0;0;0;110;110
4;20;21;0;0;0;0;0;110;110
4;20;22;0;0;0;0;0;110;110
4;19;22;0;0;0;0;0;110;110
4;21;21;0;0;0;0;0;110;110
5;19;22;0;0;0;0;0;110;110
4;21;21;0;0;0;0;0;110;110
4;18;21;0;0;0;0;0;110;110
4;20;21;0;0;0;0;0;110;110
3;20;21;0;0;0;0;0;110;110
4;19;22;0;0;0;0;0;110;110
4;20;21;0;0;0;0;0;110;110
4;22;21;0;0;0;0;0;110;110
4;18;21;0;0;0;0;0;110;110
4;18;23;0;0;0;0;0;110;110
4;18;21;0;0;0;0;0;110;110
4;19;21;0;0;0;0;0;110;110
4;19;22;0;0;0;0;0;110;110
5;20;22;0;0;0;0;0;110;110
4;20;21;0;0;0;0;0;110;110
4;19;22;0;0;0;0;0;110;110
4;20;21;0;0;0;0;0;110;110
4;21;21;0;0;0;0;0;110;110
4;19;22;0;0;0;0;0;110;110
5;21;21;0;0;0;0;0;110;110
4;19;22;0;0;0;0;0;110;110
4;20;23;0;0;0;0;0;110;110
4;19;21;0;0;0;0;0;110;110
4;19;23;0;0;0;0;0;110;110
4;20;21;0;0;0;0;0;110;110
4;20;21;0;0;0;0;0;110;110
4;20;22;0;0;0;0;0;110;110
4;19;21;0;0;0;0;0;110;110
4;19;22;0;0;0;0;0;110;110
4;21;21;0;0;0;0;0;110;110
4;19;22;0;0;0;0;0;110;110
4;21;22;0;0;0;0;0;110;110
5;20;21;0;0;0;0;0;110;110
4;19;22;0;0;0;0;0;110;110
4;19;24;0;0;0;0;0;110;110
4;18;24;0;0;0;0;0;110;110
4;18;22;0;0;0;0;0;110;110
4;19;21;0;0;0;0;0;110;110
5;19;22;0;0;0;0;0;110;110
4;21;21;0;0;0;0;0;110;110
4;19;22;0;0;0;0;0;110;110
4;20;22;0;0;0;0;0;110;110
4;20;21;0;0;0;0;0;110;110
4;19;21;0;0;0;0;0;110;110
5;20;21;0;0;0;0;0;110;110
4;19;21;0;0;0;0;0;110;110
4;20;21;0;0;0;0;0;110;110
4;19;21;0;0;0;0;0;110;110
4;18;21;0;0;0;0;0;110;110
4;19;24;0;0;0;0;0;110;110
4;18;21;0;0;0;0;0;110;110
4;22;22;0;0;0;0;0;110;110
4;20;21;0;0;0;0;0;110;110
4;19;22;0;0;0;0;0;110;110
4;20;21;0;0;0;0;0;110;110
4;18;22;0;0;0;0;0;110;110
4;19;22;0;0;0;0;0;110;110
5;20;21;0;0;0;0;0;110;110
4;18;21;0;0;0;0;0;110;110
4;19;21;0;0;0;0;0;110;110
4;18;21;0;0;0;0;0;110;110
4;20;21;0;0;0;0;0;110;110
4;20;21;0;0;0;0;0;110;110
5;19;22;0;0;0;0;0;110;110
4;19;21;0;0;0;0;0;110;110
4;18;22;0;0;0;0;0;110;110
4;21;22;0;0;0;0;0;110;110
4;19;21;0;0;0;0;0;110;110
4;18;22;0;0;0;0;0;110;110
4;19;21;0;0;0;0;0;110;110
4;19;22;0;0;0;0;0;110;110
4;19;22;0;0;0;0;0;110;110
4;20;21;0;0;0;0;0;110;110
4;19;21;0;0;0;0;0;110;110
4;20;21;0;0;0;0;0;110;110
4;18;23;0;0;0;0;0;110;110
5;18;21;0;0;0;0;0;110;110
4;18;23;0;0;0;0;0;110;110
4;18;21;0;0;0;0;0;110;110
4;19;22;0;0;0;0;0;110;110
4;18;21;0;0;0;0;0;110;110
4;21;21;0;0;0;0;0;110;110
5;20;21;0;0;0;0;0;110;110
4;18;21;0;0;0;0;0;110;110
4;21;21;0;0;0;0;0;110;110
4;19;21;0;0;0;0;0;110;110
4;18;22;0;0;0;0;0;110;110
5;21;21;0;0;0;0;0;110;110
4;18;21;0;0;0;0;0;110;110
4;19;22;0;0;0;0;0;110;110
4;18;21;0;0;0;0;0;110;110
4;20;21;0;0;0;0;0;110;110
4;19;21;0;0;0;0;0;110;110
4;19;22;0;0;0;0;0;110;110
4;20;21;0;0;0;0;0;110;110
5;19;21;0;0;0;0;0;110;110
4;20;21;0;0;0;0;0;110;110
4;19;21;0;0;0;0;0;110;110
4;19;21;0;0;0;0;0;110;110
4;20;21;0;0;0;0;0;110;110
4;18;21;0;0;0;0;0;110;110
5;22;21;0;0;0;0;0;110;110
3;20;21;0;0;0;0;0;110;110
4;21;21;0;0;0;0;0;110;110
4;20;21;0;0;0;0;0;110;110
4;18;22;0;0;0;0;0;110;110
4;18;22;0;0;0;0;0;110;110
4;22;21;0;0;0;0;0;110;110
4;18;21;0;0;0;0;0;110;110
4;19;22;0;0;0;0;0;110;110
4;18;21;0;0;0;0;0;110;110
4;20;21;0;0;0;0;0;110;110
3;20;21;0;0;0;0;0;110;110
4;22;22;0;0;0;0;0;110;110
4;20;21;0;0;0;0;0;110;110
4;18;22;0;0;0;0;0;110;110
4;21;22;0;0;0;0;0;110;110
4;20;21;0;0;0;0;0;110;110
4;18;21;0;0;0;0;0;110;110
4;18;22;0;0;0;0;0;110;110
5;19;21;0;0;0;0;0;110;110
4;22;22;0;0;0;0;0;110;110
3;20;21;0;0;0;0;0;110;110
4;19;22;0;0;0;0;0;110;110
4;20;21;0;0;0;0;0;110;110
4;21;22;0;0;0;0;0;110;110
4;19;21;0;0;0;0;0;110;110
4;21;21;0;0;0;0;0;110;110
4;18;22;0;0;0;0;0;110;110
4;18;22;0;0;0;0;0;110;110
4;19;24;0;0;0;0;0;110;110
4;20;22;0;0;0;0;0;110;110
3;20;21;0;0;0;0;0;110;110
4;20;22;0;0;0;0;0;110;110
4;20;21;0;0;0;0;0;110;110
4;20;21;0;0;0;0;0;110;110
4;19;21;0;0;0;0;0;110;110
4;22;21;0;0;0;0;0;110;110
4;18;22;0;0;0;0;0;110;110
5;19;21;0;0;0;0;0;110;110
4;19;21;0;0;0;0;0;110;110
4;20;22;0;0;0;0;0;110;110
4;20;21;0;0;0;0;0;110;110
4;21;22;0;0;0;0;0;110;110
4;20;21;0;0;0;0;0;110;110
4;20;21;0;0;0;0;0;110;110
4;18;21;0;0;0;0;0;110;110
4;18;23;0;0;0;0;0;110;110
4;18;21;0;0;0;0;0;110;110
4;19;21;0;0;0;0;0;110;110
4;20;21;0;0;0;0;0;110;110
4;20;21;0;0;0;0;0;110;110
4;20;21;0;0;0;0;0;110;110
4;20;22;0;0;0;0;0;110;110
4;20;21;0;0;0;0;0;110;110
4;19;21;0;0;0;0;0;110;110
4;18;22;0;0;0;0;0;110;110
4;18;23;0;0;0;0;0;110;110
5;18;21;0;0;0;0;0;110;110
4;21;21;0;0;0;0;0;110;110
4;19;23;0;0;0;0;0;110;110
4;18;23;0;0;0;0;0;110;110
4;21;21;0;0;0;0;0;110;110
4;19;21;0;0;0;0;0;110;110
5;20;21;0;0;0;0;0;110;110
4;19;21;0;0;0;0;0;110;110
4;18;21;0;0;0;0;0;110;110
4;19;21;0;0;0;0;0;110;110
4;20;22;0;0;0;0;0;110;110
4;20;21;0;0;0;0;0;110;110
4;20;21;0;0;0;0;0;110;110
4;18;21;0;0;0;0;0;110;110
4;20;21;0;0;0;0;0;110;110
4;19;22;0;0;0;0;0;110;110
4;20;21;0;0;0;0;0;110;110
4;19;21;0;0;0;0;0;110;110
4;19;22;0;0;0;0;0;110;110
5;20;21;0;0;0;0;0;110;110
4;18;21;0;0;0;0;0;110;110
4;20;21;0;0;0;0;0;110;110
4;20;21;0;0;0;0;0;110;110
4;19;22;0;0;0;0;0;110;110
4;20;21;0;0;0;0;0;110;110
5;19;21;0;0;0;0;0;110;110
4;20;21;0;0;0;0;0;110;110
4;19;21;0;0;0;0;0;110;110
4;19;22;0;0;0;0;0;110;110
4;21;21;0;0;0;0;0;110;110
4;18;21;0;0;0;0;0;110;110
4;20;21;0;0;0;0;0;110;110
4;20;21;0;0;0;0;0;110;110
4;18;22;0;0;0;0;0;110;110
4;21;21;0;0;0;0;0;110;110
4;19;22;0;0;0;0;0;110;110
4;20;21;0;0;0;0;0;110;110
4;19;21;0;0;0;0;0;110;110
5;19;21;0;0;0;0;0;110;110
4;21;22;0;0;0;0;0;110;110
4;18;21;0;0;0;0;0;110;110
4;21;21;0;0;0;0;0;110;110
4;19;22;0;0;0;0;0;110;110
4;18;24;0;0;0;0;0;110;110
5;21;21;0;0;0;0;0;110;110
4;19;22;0;0;0;0;0;110;110
4;20;21;0;0;0;0;0;110;110
4;19;21;0;0;0;0;0;110;110
4;19;22;0;0;0;0;0;110;110
4;20;21;0;0;0;0;0;110;110
4;18;21;0;0;0;0;0;110;110
4;20;21;0;0;0;0;0;110;110
4;20;21;0;0;0;0;0;110;110
4;21;21;0;0;0;0;0;110;110
4;20;21;0;0;0;0;0;110;110
4;18;23;0;0;0;0;0;110;110
4;18;21;0;0;0;0;0;110;110
6;18;24;0;0;0;0;0;110;110
4;18;21;0;0;0;0;0;110;110
4;19;22;0;0;0;0;0;110;110
4;20;21;0;0;0;0;0;110;110
4;20;21;0;0;0;0;0;110;110
4;20;21;0;0;0;0;0;110;110
5;21;21;0;0;0;0;0;110;110
4;20;21;0;0;0;0;0;110;110
4;21;21;0;0;0;0;0;110;110
4;21;21;0;0;0;0;0;110;110
4;20;21;0;0;0;0;0;110;110
4;19;23;0;0;0;0;0;110;110
5;20;22;0;0;0;0;0;110;110
4;19;21;0;0;0;0;0;110;110
4;19;22;0;0;0;0;0;110;110
4;19;24;0;0;0;0;0;110;110
4;18;24;0;0;0;0;0;110;110
4;20;21;0;0;0;0;0;110;110
4;20;21;0;0;0;0;0;110;110
4;19;21;0;0;0;0;0;110;110
4;21;21;0;0;0;0;0;110;110
4;18;22;0;0;0;0;0;110;110
4;19;21;0;0;0;0;0;110;110
4;18;21;0;0;0;0;0;110;110
4;20;20;0;0;0;0;0;110;110
4;20;21;0;0;0;0;0;110;110
4;20;21;0;0;0;0;0;110;110
4;19;24;0;0;0;0;0;110;110
4;19;21;0;0;0;0;0;110;110
4;20;21;0;0;0;0;0;110;110
3;19;21;0;0;0;0;0;110;110
5;19;21;0;0;0;0;0;110;110
4;20;22;0;0;0;0;0;110;110
4;18;21;0;0;0;0;0;110;110
4;19;21;0;0;0;0;0;110;110
3;20;21;0;0;0;0;0;110;110
4;19;22;0;0;0;0;0;110;110
4;19;24;0;0;0;0;0;110;110
4;19;21;0;0;0;0;0;110;110
4;20;21;0;0;0;0;0;110;110
3;19;21;0;0;0;0;0;110;110
4;19;21;0;0;0;0;0;110;110
4;22;21;0;0;0;0;0;110;110
4;18;21;0;0;0;0;0;110;110
5;20;21;0;0;0;0;0;110;110
3;20;21;0;0;0;0;0;110;110
4;20;21;0;0;0;0;0;110;110
4;20;21;0;0;0;0;0;110;110
4;20;21;0;0;0;0;0;110;110
4;18;21;0;0;0;0;0;110;110
4;19;21;0;0;0;0;0;110;110
4;18;22;0;0;0;0;0;110;110
4;19;21;0;0;0;0;0;110;110
4;21;21;0;0;0;0;0;110;110
4;21;21;0;0;0;0;0;110;110
4;19;23;0;0;0;0;0;110;110
4;18;22;0;0;0;0;0;110;110
4;20;21;0;0;0;0;0;110;110
4;20;21;0;0;0;0;0;110;110
4;18;22;0;0;0;0;0;110;110
3;19;21;0;0;0;0;0;110;110
4;19;21;0;0;0;0;0;110;110
4;21;22;0;0;0;0;0;110;110
5;19;21;0;0;0;0;0;110;110
4;19;21;0;0;0;0;0;110;110
4;19;24;0;0;0;0;0;110;110
4;18;24;0;0;0;0;0;110;110
4;19;22;0;0;0;0;0;110;110
4;20;22;0;0;0;0;0;110;110
5;19;22;0;0;0;0;0;110;110
4;20;21;0;0;0;0;0;110;110
4;19;21;0;0;0;0;0;110;110
4;19;22;0;0;0;0;0;110;110
4;20;21;0;0;0;0;0;110;110
4;19;21;0;0;0;0;0;110;110
4;20;21;0;0;0;0;0;110;110
4;20;22;0;0;0;0;0;110;110
4;20;21;0;0;0;0;0;110;110
4;19;21;0;0;0;0;0;110;110
4;19;21;0;0;0;0;0;110;110
4;22;21;0;0;0;0;0;110;110
4;19;22;0;0;0;0;0;110;110
5;21;23;0;0;0;0;0;110;110
4;20;21;0;0;0;0;0;110;110
4;20;21;0;0;0;0;0;110;110
4;20;21;0;0;0;0;0;110;110
4;22;21;0;0;0;0;0;110;110
4;20;22;0;0;0;0;0;110;110
5;19;21;0;0;0;0;0;110;110
4;18;21;0;0;0;0;0;110;110
4;19;21;0;0;0;0;0;110;110
4;21;21;0;0;0;0;0;110;110
4;22;21;0;0;0;0;0;110;110
4;20;21;0;0;0;0;0;110;110
4;19;21;0;0;0;0;0;110;110
4;20;21;0;0;0;0;0;110;110
4;19;22;0;0;0;0;0;110;110
4;21;21;0;0;0;0;0;110;110
4;19;21;0;0;0;0;0;110;110
4;19;21;0;0;0;0;0;110;110
4;21;20;0;0;0;0;0;110;110
5;18;21;0;0;0;0;0;110;110
4;21;20;0;0;0;0;0;110;110
4;20;21;0;0;0;0;0;110;110
4;25;22;0;0;0;0;0;110;110
4;22;21;0;0;0;0;0;110;110
4;22;21;0;0;0;0;0;110;110
7;61;23;0;0;0;0;0;110;110
4;18;21;0;0;0;0;0;110;110
6;61;22;0;0;0;0;0;110;110
6;52;22;0;0;0;0;0;110;110
6;57;22;0;0;0;0;0;110;110
6;50;23;0;0;0;0;0;110;110
7;52;21;0;0;0;0;0;110;110
4;17;21;0;0;0;0;0;110;110
5;50;22;0;0;0;0;0;110;110
6;52;23;0;0;0;0;0;110;110
4;18;22;0;0;0;0;0;110;110
4;18;21;0;0;0;0;0;110;110
4;18;21;0;0;0;0;0;110;110
4;18;22;0;0;0;0;0;110;110
6;50;21;0;0;0;0;0;110;110
4;18;22;0;0;0;0;0;110;110
6;52;22;0;0;0;0;0;110;110
6;52;22;0;0;0;0;0;110;110
6;55;21;0;0;0;0;0;110;110
5;18;21;0;0;0;0;0;110;110
4;24;21;0;0;0;0;0;110;110
5;22;23;0;0;0;0;0;110;110
4;18;22;0;0;0;0;0;110;110
4;20;21;0;0;0;0;0;110;110
4;18;22;0;0;0;0;0;110;110
5;24;21;0;0;0;0;0;110;110
4;21;21;0;0;0;0;0;110;110
4;21;22;0;0;0;0;0;110;110
4;21;21;0;0;0;0;0;110;110
4;18;22;0;0;0;0;0;110;110
4;18;21;0;0;0;0;0;110;110
4;19;23;0;0;0;0;0;110;110
4;19;22;0;0;0;0;0;110;110
4;21;21;0;0;0;0;0;110;110
4;19;21;0;0;0;0;0;110;110
4;19;21;0;0;0;0;0;110;110
3;20;21;0;0;0;0;0;110;110
4;21;21;0;0;0;0;0;110;110
5;20;21;0;0;0;0;0;110;110
4;18;22;0;0;0;0;0;110;110
4;19;22;0;0;0;0;0;110;110
4;22;26;0;0;0;0;0;110;110
4;18;21;0;0;0;0;0;110;110
4;19;21;0;0;0;0;0;110;110
5;18;22;0;0;0;0;0;110;110
4;20;20;0;0;0;0;0;110;110
4;21;21;0;0;0;0;0;110;110
4;22;21;0;0;0;0;0;110;110
4;21;21;0;0;0;0;0;110;110
4;19;22;0;0;0;0;0;110;110
4;19;22;0;0;0;0;0;110;110
4;21;21;0;0;0;0;0;110;110
4;19;22;0;0;0;0;0;110;110
4;20;21;0;0;0;0;0;110;110
4;19;23;0;0;0;0;0;110;110
4;20;23;0;0;0;0;0;110;110
3;20;21;0;0;0;0;0;110;110
5;20;22;0;0;0;0;0;110;110
4;20;21;0;0;0;0;0;110;110
4;21;21;0;0;0;0;0;110;110
4;21;21;0;0;0;0;0;110;110
3;19;21;0;0;0;0;0;110;110
4;20;21;0;0;0;0;0;110;110
5;20;21;0;0;0;0;0;110;110
4;19;22;0;0;0;0;0;110;110
4;22;22;0;0;0;0;0;110;110
4;20;21;0;0;0;0;0;110;110
4;22;22;0;0;0;0;0;110;110
4;20;21;0;0;0;0;0;110;110
4;20;21;0;0;0;0;0;110;110
4;19;22;0;0;0;0;0;110;110
4;20;21;0;0;0;0;0;110;110
4;19;22;0;0;0;0;0;110;110
4;19;21;0;0;0;0;0;110;110
4;19;23;0;0;0;0;0;110;110
4;19;21;0;0;0;0;0;110;110
4;19;23;0;0;0;0;0;110;110
4;18;24;0;0;0;0;0;110;110
4;21;22;0;0;0;0;0;110;110
4;20;21;0;0;0;0;0;110;110
4;18;21;0;0;0;0;0;110;110
4;18;23;0;0;0;0;0;110;110
5;18;21;0;0;0;0;0;110;110
4;20;21;0;0;0;0;0;110;110
4;21;22;0;0;0;0;0;110;110
4;20;21;0;0;0;0;0;110;110
4;20;21;0;0;0;0;0;110;110
4;22;21;0;0;0;0;0;110;110
4;20;21;0;0;0;0;0;110;110
4;19;21;0;0;0;0;0;110;110
4;20;21;0;0;0;0;0;110;110
4;19;21;0;0;0;0;0;110;110
4;19;23;0;0;0;0;0;110;110
4;21;21;0;0;0;0;0;110;110
4;19;22;0;0;0;0;0;110;110
4;20;21;0;0;0;0;0;110;110
4;19;22;0;0;0;0;0;110;110
4;21;22;0;0;0;0;0;110;110
4;20;21;0;0;0;0;0;110;110
4;19;21;0;0;0;0;0;110;110
4;21;23;0;0;0;0;0;110;110
5;20;22;0;0;0;0;0;110;110
4;20;22;0;0;0;0;0;110;110
4;21;21;0;0;0;0;0;110;110
4;21;21;0;0;0;0;0;110;110
4;20;22;1;0;0;0;1;110;110
4;21;22;1;0;0;0;1;110;110
6;25;24;0;0;0;0;0;110;110
4;22;22;0;0;0;0;0;110;110
5;26;21;0;1;0;0;0;110;110
4;22;22;0;1;0;0;0;110;110
4;20;22;0;0;0;0;0;110;110
4;21;22;0;0;0;0;0;110;110
4;20;22;0;0;0;0;0;110;110
4;20;22;0;0;0;0;0;110;110
4;21;22;0;0;0;0;0;110;110
4;20;22;0;0;0;0;0;110;110
4;20;23;0;0;0;0;0;110;110
4;20;22;0;0;0;0;0;110;110
4;19;21;0;0;0;0;0;110;110
5;20;23;0;0;0;0;0;110;110
4;19;21;0;0;0;0;0;110;110
4;18;22;0;0;0;0;0;110;110
4;19;23;0;0;0;0;0;110;110
4;18;21;0;0;0;0;0;110;110
4;18;24;0;1;0;0;0;110;110
3;18;21;0;1;0;0;0;110;110
4;17;21;0;0;0;0;0;110;110
4;17;22;0;0;0;0;0;110;110
4;17;21;0;0;0;0;0;110;110
4;18;21;0;0;0;0;0;110;110
3;17;21;0;0;0;0;0;110;110
4;17;22;0;0;0;0;0;110;110
4;17;23;0;0;0;0;0;110;110
4;17;22;0;0;0;0;0;110;110
4;16;22;0;0;0;0;0;110;110
3;17;21;0;0;0;0;0;110;110
4;17;22;0;0;0;0;0;110;110
4;17;25;0;0;0;0;0;110;110
6;17;25;1;1;0;0;1;110;110
4;17;25;1;1;0;0;1;110;110
4;17;23;0;0;0;0;0;110;110
4;19;24;0;0;0;0;0;110;110
4;18;25;0;0;0;0;0;110;110
5;18;24;0;0;0;0;0;110;110
5;19;24;0;0;0;0;0;110;110
4;19;24;0;0;0;0;0;110;110
5;19;26;1;1;0;0;1;110;110
4;19;24;1;1;0;0;1;110;110
5;19;25;0;0;0;0;0;110;110
4;19;24;0;0;0;0;0;110;110
4;19;25;0;0;0;0;0;110;110
6;20;54;0;0;0;0;0;110;110
4;20;24;0;1;0;0;0;110;110
6;20;54;0;1;0;0;0;110;110
6;20;53;0;1;0;0;0;110;110
6;21;53;0;1;0;0;0;110;110
6;22;53;0;0;0;0;0;110;110
6;22;51;0;0;0;0;0;110;110
5;19;52;1;1;0;0;1;110;110
6;19;52;1;1;0;0;1;110;110
6;19;52;0;1;0;0;0;110;110
6;20;52;0;1;0;0;0;110;110
6;19;53;0;1;0;0;0;110;110
7;18;51;0;1;0;0;0;110;110
6;18;52;1;1;0;0;1;110;110
6;19;43;1;1;0;0;1;110;110
6;24;52;0;1;0;0;0;110;110
6;25;52;0;1;0;0;0;110;110
4;25;29;0;1;0;0;0;110;110
7;25;41;0;1;0;0;0;110;110
5;25;43;0;1;0;0;0;110;110
6;25;43;0;1;0;0;0;110;110
5;19;41;1;1;0;0;1;110;110
5;27;29;1;1;0;0;1;110;110
5;19;41;0;1;0;0;0;110;110
4;18;26;0;1;0;0;0;110;110
6;18;41;1;1;0;0;1;110;110
5;17;40;1;1;0;0;1;110;110
4;17;38;0;0;0;0;0;110;110
5;17;37;0;0;0;0;0;110;110
5;18;42;1;1;0;0;1;110;110
5;17;38;1;1;0;0;1;110;110
6;17;39;1;1;0;0;1;110;110
4;17;40;1;1;0;0;1;110;110
5;16;38;0;1;0;0;0;110;110
4;17;37;0;1;0;0;0;110;110
5;16;37;1;0;0;0;1;110;110
5;17;37;1;0;0;0;1;110;110
5;17;37;1;1;0;0;1;110;110
5;17;38;1;1;0;0;1;110;110
5;16;37;0;1;0;0;0;110;110
5;17;36;0;1;0;0;0;110;110
5;16;39;1;1;0;0;1;110;110
4;16;37;1;1;0;0;1;110;110
5;16;37;0;0;0;0;0;110;110
4;16;36;0;0;0;0;0;110;110
5;16;36;1;1;0;0;1;110;110
5;16;36;1;1;0;0;1;110;110
4;17;34;0;0;0;0;0;110;110
5;17;33;0;0;0;0;0;110;110
4;17;31;1;1;0;0;1;110;110
6;16;32;1;1;0;0;1;110;110
4;16;31;0;1;0;0;0;110;110
4;16;30;0;1;0;0;0;110;110
4;16;29;0;0;0;0;0;110;110
4;16;30;0;0;0;0;0;110;110
5;17;31;1;1;0;0;1;110;110
5;17;32;1;1;0;0;1;110;110
4;17;32;0;0;0;0;0;110;110
5;17;36;0;0;0;0;0;110;110
4;17;32;1;1;0;0;1;110;110
6;17;47;1;1;0;0;1;110;110
5;17;44;0;1;0;0;0;110;110
4;17;32;0;1;0;0;0;110;110
6;17;47;1;0;0;0;1;110;110
4;17;32;1;0;0;0;1;110;110
6;18;52;0;1;0;0;0;110;110
5;18;47;0;1;0;0;0;110;110
4;18;31;1;0;0;0;1;110;110
5;18;31;1;0;0;0;1;110;110
5;18;32;0;1;0;0;0;110;110
5;18;33;0;1;0;0;0;110;110
5;18;32;0;0;0;0;0;110;110
4;17;33;0;0;0;0;0;110;110
4;17;25;1;1;0;0;1;110;110
4;17;25;1;1;0;0;1;110;110
6;17;25;0;0;0;0;0;110;110
4;17;25;0;0;0;0;0;110;110
4;18;32;0;1;0;0;0;110;110
5;18;31;0;1;0;0;0;110;110
4;18;33;1;1;0;0;1;110;110
5;19;32;1;1;0;0;1;110;110
5;19;32;0;0;0;0;0;110;110
5;31;31;0;0;0;0;0;110;110
5;18;32;0;1;0;0;0;110;110
4;19;31;0;1;0;0;0;110;110
5;18;32;1;0;0;0;1;110;110
4;18;31;1;0;0;0;1;110;110
4;18;31;0;1;0;0;0;110;110
6;32;30;0;1;0;0;0;110;110
5;33;31;1;1;0;0;1;110;110
6;33;31;1;1;0;0;1;110;110
5;33;31;0;0;0;0;0;110;110
5;33;31;0;0;0;0;0;110;110
6;34;31;0;1;0;0;0;110;110
6;32;31;0;1;0;0;0;110;110
6;33;32;1;0;0;0;1;110;110
5;32;32;1;0;0;0;1;110;110
5;33;32;0;0;0;0;0;110;110
6;33;31;0;0;0;0;0;110;110
5;33;31;1;1;0;0;1;110;110
7;33;31;1;1;0;0;1;110;110
5;33;31;0;0;0;0;0;110;110
5;32;31;0;0;0;0;0;110;110
6;33;31;1;1;0;0;1;110;110
5;31;30;1;1;0;0;1;110;110
6;31;31;0;0;0;0;0;110;110
5;31;31;0;0;0;0;0;110;110
6;30;30;0;1;0;0;0;110;110
5;30;31;0;1;0;0;0;110;110
5;30;31;1;0;0;0;1;110;110
6;31;30;1;0;0;0;1;110;110
5;30;31;0;1;0;0;0;110;110
5;30;31;0;1;0;0;0;110;110
6;30;31;0;0;0;0;0;110;110
5;29;31;0;0;0;0;0;110;110
6;30;31;1;0;0;0;1;110;110
5;29;30;1;0;0;0;1;110;110
5;30;31;0;0;0;0;0;110;110
5;29;31;0;0;0;0;0;110;110
6;29;31;0;0;0;0;0;110;110
6;29;31;0;0;0;0;0;110;110
5;30;31;0;0;0;0;0;110;110
5;29;31;0;0;0;0;0;110;110
5;30;31;1;0;0;0;1;110;110
5;29;31;1;0;0;0;1;110;110
6;29;31;0;0;0;0;0;110;110
6;30;31;0;0;0;0;0;110;110
5;29;31;0;0;0;0;0;110;110
5;29;31;0;0;0;0;0;110;110
5;29;31;0;0;0;0;0;110;110
6;29;31;0;0;0;0;0;110;110
5;30;31;0;0;0;0;0;110;110
6;29;31;0;0;0;0;0;110;110
5;29;31;0;1;0;0;0;110;110
5;30;31;0;1;0;0;0;110;110
5;29;31;0;0;0;0;0;110;110
5;30;32;0;0;0;0;0;110;110
5;30;31;0;0;0;0;0;110;110
6;30;31;0;0;0;0;0;110;110
5;30;31;0;0;0;0;0;110;110
5;30;31;0;0;0;0;0;110;110
5;30;31;0;0;0;0;0;110;110
5;30;31;0;0;0;0;0;110;110
5;29;31;0;0;0;0;0;110;110
5;30;31;0;0;0;0;0;110;110
5;29;31;0;0;0;0;0;110;110
5;30;32;0;0;0;0;0;110;110
5;31;31;0;0;0;0;0;110;110
5;29;32;0;0;0;0;0;110;110
5;30;31;0;0;0;0;0;110;110
5;30;31;0;0;0;0;0;110;110
6;30;31;0;0;0;0;0;110;110
5;30;31;0;0;0;0;0;110;110
6;30;31;0;0;0;0;0;110;110
5;30;31;0;0;0;0;0;110;110
5;29;31;0;0;0;0;0;110;110
5;30;31;0;0;0;0;0;110;110
6;30;31;0;0;0;0;0;110;110
5;30;31;0;0;0;0;0;110;110
5;31;31;0;0;0;0;0;110;110
5;30;31;0;0;0;0;0;110;110
5;31;31;0;0;0;0;0;110;110
5;30;31;0;0;0;0;0;110;110
6;30;31;0;0;0;0;0;110;110
5;30;31;0;0;0;0;0;110;110
5;29;31;0;0;0;0;0;110;110
5;29;31;0;0;0;0;0;110;110
5;29;32;0;0;0;0;0;110;110
5;29;32;0;0;0;0;0;110;110
5;30;31;0;0;0;0;0;110;110
6;30;31;0;0;0;0;0;110;110
5;30;31;0;0;0;0;0;110;110
5;29;31;0;0;0;0;0;110;110
5;29;31;0;0;0;0;0;110;110
5;30;31;0;0;0;0;0;110;110
5;29;31;0;0;0;0;0;110;110
6;30;31;0;0;0;0;0;110;110
5;30;31;0;0;0;0;0;110;110
5;29;31;0;0;0;0;0;110;110
5;29;31;0;0;0;0;0;110;110
5;29;31;0;0;0;0;0;110;110
5;30;31;0;0;0;0;0;110;110
5;29;31;0;0;0;0;0;110;110
6;29;31;0;0;0;0;0;110;110
5;29;31;0;0;0;0;0;110;110
5;29;31;0;0;0;0;0;110;110
5;29;31;0;0;0;0;0;110;110
5;29;31;0;1;0;0;0;110;110
5;29;31;0;1;0;0;0;110;110
6;29;31;0;0;0;0;0;110;110
5;30;31;0;0;0;0;0;110;110
5;29;31;1;0;0;0;1;110;110
5;29;31;1;0;0;0;1;110;110
6;29;31;0;0;0;0;0;110;110
5;29;31;0;0;0;0;0;110;110
6;29;31;1;0;0;0;1;110;110
5;29;31;1;0;0;0;1;110;110
5;28;31;0;0;0;0;0;110;110
5;29;31;0;0;0;0;0;110;110
5;29;31;0;1;0;0;0;110;110
5;28;31;0;1;0;0;0;110;110
5;28;31;1;0;0;0;1;110;110
5;28;31;1;0;0;0;1;110;110
5;27;32;0;1;0;0;0;110;110
5;27;31;0;1;0;0;0;110;110
5;26;32;1;0;0;0;1;110;110
5;27;31;1;0;0;0;1;110;110
5;27;32;0;1;0;0;0;110;110
6;27;31;0;1;0;0;0;110;110
5;27;32;0;0;0;0;0;110;110
5;27;32;0;0;0;0;0;110;110
5;27;31;1;1;0;0;1;110;110
5;27;32;1;1;0;0;1;110;110
5;27;32;0;0;0;0;0;110;110
6;27;32;0;0;0;0;0;110;110
5;27;32;1;0;0;0;1;110;110
5;27;32;1;0;0;0;1;110;110
3;27;4;0;0;0;0;0;110;110
5;26;31;0;0;0;0;0;110;110
5;27;32;1;1;0;0;1;110;110
5;27;31;1;1;0;0;1;110;110
5;27;31;0;0;0;0;0;110;110
5;27;32;0;0;0;0;0;110;110
5;28;32;1;1;0;0;1;110;110
5;27;32;1;1;0;0;1;110;110
5;27;32;0;0;0;0;0;110;110
5;27;32;0;0;0;0;0;110;110
3;27;4;1;1;0;0;1;110;110
3;27;4;1;1;0;0;1;110;110
5;26;32;1;0;0;0;1;110;110
5;26;32;1;0;0;0;1;110;110
6;27;32;0;1;0;0;0;110;110
5;26;32;0;1;0;0;0;110;110
6;27;32;1;0;0;0;1;110;110
5;27;32;1;0;0;0;1;110;110
5;26;32;1;1;0;0;1;110;110
5;27;31;1;1;0;0;1;110;110
3;26;5;0;0;0;0;0;110;110
5;26;32;0;0;0;0;0;110;110
3;26;3;1;0;0;0;1;110;110
5;26;32;1;0;0;0;1;110;110
3;27;5;1;1;0;0;1;110;110
5;26;32;1;1;0;0;1;110;110
5;26;32;1;0;0;0;1;110;110
5;26;32;1;0;0;0;1;110;110
5;26;32;0;1;0;0;0;110;110
4;26;3;0;1;0;0;0;110;110
5;26;32;1;0;0;0;1;110;110
5;26;33;1;0;0;0;1;110;110
5;26;32;0;1;0;0;0;110;110
5;26;33;0;1;0;0;0;110;110
5;26;32;1;0;0;0;1;110;110
6;26;33;1;0;0;0;1;110;110
5;26;33;0;1;0;0;0;110;110
5;26;33;0;1;0;0;0;110;110
5;26;33;1;0;0;0;1;110;110
5;26;33;1;0;0;0;1;110;110
5;26;32;1;1;0;0;1;110;110
5;26;32;1;1;0;0;1;110;110
5;27;33;0;0;0;0;0;110;110
5;26;32;0;0;0;0;0;110;110
5;26;33;1;1;0;0;1;110;110
5;26;33;1;1;0;0;1;110;110
5;26;33;1;0;0;0;1;110;110
5;26;33;1;0;0;0;1;110;110
6;26;33;1;1;0;0;1;110;110
5;26;34;1;1;0;0;1;110;110
5;26;33;0;0;0;0;0;110;110
5;26;34;0;0;0;0;0;110;110
5;27;34;1;1;0;0;1;110;110
5;26;34;1;1;0;0;1;110;110
6;26;34;0;0;0;0;0;110;110
5;27;34;0;0;0;0;0;110;110
5;27;34;1;1;0;0;1;110;110
5;27;34;1;1;0;0;1;110;110
5;27;34;0;0;0;0;0;110;110
5;26;35;0;0;0;0;0;110;110
5;27;34;1;1;0;0;1;110;110
5;26;34;1;1;0;0;1;110;110
6;27;34;0;0;0;0;0;110;110
5;27;34;0;0;0;0;0;110;110
5;27;35;1;0;0;0;1;110;110
5;27;35;1;0;0;0;1;110;110
5;26;35;0;0;0;0;0;110;110
7;27;35;0;0;0;0;0;110;110
5;27;36;1;0;0;0;1;110;110
5;27;35;1;0;0;0;1;110;110
5;27;36;0;1;0;0;0;110;110
5;27;35;0;1;0;0;0;110;110
6;26;36;0;0;0;0;0;110;110
6;27;36;0;0;0;0;0;110;110
5;26;35;0;0;0;0;0;110;110
5;27;35;0;0;0;0;0;110;110
5;27;35;1;0;0;0;1;110;110
6;27;35;1;0;0;0;1;110;110
5;27;35;0;0;0;0;0;110;110
6;26;35;0;0;0;0;0;110;110
5;27;35;0;0;0;0;0;110;110
5;27;35;0;0;0;0;0;110;110
6;26;35;0;0;0;0;0;110;110
5;27;35;0;0;0;0;0;110;110
5;27;35;0;0;0;0;0;110;110
5;27;35;0;0;0;0;0;110;110
5;27;35;0;0;0;0;0;110;110
6;27;35;0;0;0;0;0;110;110
5;27;35;0;0;0;0;0;110;110
5;27;35;0;0;0;0;0;110;110
5;27;35;0;0;0;0;0;110;110
5;27;35;0;0;0;0;0;110;110
7;27;35;0;0;0;0;0;110;110
5;27;35;0;0;0;0;0;110;110
5;26;35;0;0;0;0;0;110;110
5;27;35;0;0;0;0;0;110;110
5;27;35;0;0;0;0;0;110;110
6;26;35;0;0;0;0;0;110;110
6;27;35;0;0;0;0;0;110;110
5;26;35;0;0;0;0;0;110;110
5;27;35;0;0;0;0;0;110;110
5;27;34;0;0;0;0;0;110;110
6;27;35;0;0;0;0;0;110;110
5;27;35;0;0;0;0;0;110;110
5;27;35;0;0;0;0;0;110;110
5;27;35;0;0;0;0;0;110;110
5;27;35;0;0;0;0;0;110;110
6;26;34;0;0;0;0;0;110;110
5;27;35;0;0;0;0;0;110;110
5;26;34;0;0;0;0;0;110;110
5;27;35;0;0;0;0;0;110;110
6;27;35;0;0;0;0;0;110;110
6;27;35;0;0;0;0;0;110;110
5;27;35;0;0;0;0;0;110;110
5;27;35;0;0;0;0;0;110;110
5;27;35;0;0;0;0;0;110;110
5;27;35;0;0;0;0;0;110;110
7;27;35;0;0;0;0;0;110;110
5;27;35;0;0;0;0;0;110;110
5;26;34;0;0;0;0;0;110;110
5;27;35;0;0;0;0;0;110;110
5;27;35;0;0;0;0;0;110;110
6;27;35;0;0;0;0;0;110;110
5;27;35;0;0;0;0;0;110;110
5;27;35;0;0;0;0;0;110;110
5;27;34;0;0;0;0;0;110;110
5;27;35;0;0;0;0;0;110;110
6;27;35;0;0;0;0;0;110;110
5;28;35;0;0;0;0;0;110;110
5;27;35;0;0;0;0;0;110;110
6;27;35;0;0;0;0;0;110;110
5;27;35;0;0;0;0;0;110;110
6;27;35;0;0;0;0;0;110;110
5;27;35;0;0;0;0;0;110;110
5;27;35;0;0;0;0;0;110;110
5;27;35;0;0;0;0;0;110;110
6;27;35;0;0;0;0;0;110;110
6;27;35;0;0;0;0;0;110;110
5;27;35;0;0;0;0;0;110;110
5;27;35;0;0;0;0;0;110;110
5;27;35;0;0;0;0;0;110;110
5;27;35;0;0;0;0;0;110;110
7;27;35;0;0;0;0;0;110;110
5;27;35;0;0;0;0;0;110;110
5;27;35;0;0;0;0;0;110;110
5;27;34;0;0;0;0;0;110;110
5;27;35;0;0;0;0;0;110;110
6;27;35;0;0;0;0;0;110;110
5;27;35;0;0;0;0;0;110;110
6;27;35;0;0;0;0;0;110;110
5;27;35;0;0;0;0;0;110;110
5;27;35;0;0;0;0;0;110;110
6;27;35;0;0;0;0;0;110;110
5;27;35;0;0;0;0;0;110;110
5;27;35;0;0;0;0;0;110;110
6;26;35;0;0;0;0;0;110;110
5;28;35;0;0;0;0;0;110;110
6;26;35;0;0;0;0;0;110;110
5;27;35;0;0;0;0;0;110;110
5;26;35;0;0;0;0;0;110;110
6;27;35;0;0;0;0;0;110;110
6;27;36;0;0;0;0;0;110;110
5;26;35;0;0;0;0;0;110;110
5;27;35;0;0;0;0;0;110;110
5;27;36;0;0;0;0;0;110;110
6;27;36;0;0;0;0;0;110;110
5;26;36;0;1;0;0;0;110;110
5;27;36;0;1;0;0;0;110;110
6;27;35;0;0;0;0;0;110;110
5;27;36;0;0;0;0;0;110;110
6;27;36;1;0;0;0;1;110;110
5;27;36;1;0;0;0;1;110;110
5;27;36;0;0;0;0;0;110;110
5;28;36;0;0;0;0;0;110;110
6;27;36;1;1;0;0;1;110;110
6;28;36;1;1;0;0;1;110;110
5;29;36;0;1;0;0;0;110;110
6;39;36;0;1;0;0;0;110;110
6;38;36;0;0;0;0;0;110;110
6;37;36;0;0;0;0;0;110;110
7;40;37;1;1;0;0;1;110;110
6;40;37;1;1;0;0;1;110;110
6;35;37;1;0;0;0;1;110;110
6;37;38;1;0;0;0;1;110;110
6;40;39;0;1;0;0;0;110;110
6;40;38;0;1;0;0;0;110;110
11;29;118;1;1;0;0;1;110;110
10;28;110;0;0;0;0;0;110;110
13;79;112;1;1;0;0;1;110;110
13;75;106;1;0;0;0;1;110;110
14;110;115;1;1;0;0;1;110;110
13;80;117;0;0;0;0;0;110;110
12;35;117;1;1;0;0;1;110;110
10;34;117;1;1;0;0;1;110;110
10;35;114;0;0;0;0;0;110;110
14;100;115;1;0;0;0;1;110;110
15;97;108;0;1;0;0;0;110;110
14;102;110;1;1;0;0;1;110;110
11;60;107;0;0;0;0;0;110;110
12;59;111;1;0;0;0;1;110;110
14;98;114;1;1;0;0;1;110;110
14;106;113;0;0;0;0;0;110;110
16;98;117;1;0;0;0;1;110;110
13;94;102;1;0;0;0;1;110;110
16;103;116;0;0;0;0;0;110;110
14;103;115;1;0;0;0;1;110;110
15;112;114;0;0;0;0;0;110;110
16;120;104;1;0;0;0;1;110;110
15;113;115;0;0;0;0;0;110;110
14;115;105;0;0;0;0;0;110;110
15;101;114;1;0;0;0;1;110;110
14;97;114;0;0;0;0;0;110;110
15;120;114;0;0;0;0;0;110;110
14;96;111;0;0;0;0;0;110;110
15;108;115;0;0;0;0;0;110;110
16;119;115;1;0;0;0;1;110;110
14;97;119;0;0;0;0;0;110;110
15;120;113;0;0;0;0;0;110;110
16;120;116;0;0;0;0;0;110;110
14;95;116;0;0;0;0;0;110;110
15;119;113;0;0;0;0;0;110;110
16;120;113;0;0;0;0;0;110;110
14;95;113;0;0;0;0;0;110;110
16;120;116;0;0;0;0;0;110;110
15;119;117;0;0;0;0;0;110;110
15;120;104;0;0;0;0;0;110;110
15;120;102;0;0;0;0;0;110;110
14;110;104;0;0;0;0;0;110;110
15;101;117;1;0;0;0;1;110;110
15;100;115;0;0;0;0;0;110;110
15;115;121;1;0;0;0;1;110;110
13;58;120;0;1;0;0;0;110;110
13;89;120;1;0;0;0;1;110;110
14;89;108;1;0;0;0;1;110;110
15;90;119;0;0;0;0;0;110;110
13;85;103;1;0;0;0;1;110;110
15;117;114;1;0;0;0;1;110;110
15;108;106;1;0;0;0;1;110;110
14;109;114;1;1;0;0;1;110;110
14;100;114;1;0;0;0;1;110;110
16;108;115;1;0;0;0;1;110;110
12;79;107;1;1;0;0;1;110;110
14;107;107;1;0;0;0;1;110;110
15;93;111;1;0;0;0;1;110;110
11;40;110;0;1;0;0;0;110;110
6;29;45;1;0;0;0;1;110;110
6;33;39;1;0;0;0;1;110;110
7;29;38;1;1;0;0;1;110;110
6;33;37;1;1;0;0;1;110;110
6;34;37;1;0;0;0;1;110;110
6;33;37;1;0;0;0;1;110;110
5;28;36;1;1;0;0;1;110;110
5;28;36;1;1;0;0;1;110;110
6;28;36;0;0;0;0;0;110;110
6;27;36;0;0;0;0;0;110;110
5;27;35;1;1;0;0;1;110;110
5;27;36;1;1;0;0;1;110;110
5;27;35;1;1;0;0;1;110;110
5;27;35;1;1;0;0;1;110;110
6;27;35;0;0;0;0;0;110;110
5;27;35;0;0;0;0;0;110;110
5;27;35;1;1;0;0;1;110;110
5;27;35;1;1;0;0;1;110;110
5;27;35;1;1;0;0;1;110;110
5;27;35;1;1;0;0;1;110;110
5;27;34;0;0;0;0;0;110;110
5;26;34;0;0;0;0;0;110;110
5;26;34;0;1;0;0;0;110;110
5;26;34;0;1;0;0;0;110;110
5;26;34;1;1;0;0;1;110;110
5;27;34;1;1;0;0;1;110;110
6;27;34;0;0;0;0;0;110;110
5;26;34;0;0;0;0;0;110;110
5;26;34;1;1;0;0;1;110;110
6;26;33;1;1;0;0;1;110;110
5;26;33;1;1;0;0;1;110;110
5;26;33;1;1;0;0;1;110;110
5;26;33;0;1;0;0;0;110;110
5;26;33;0;1;0;0;0;110;110
5;26;33;1;1;0;0;1;110;110
5;26;32;1;1;0;0;1;110;110
5;26;33;0;1;0;0;0;110;110
5;26;32;0;1;0;0;0;110;110
5;26;33;1;1;0;0;1;110;110
5;26;32;1;1;0;0;1;110;110
5;26;33;0;1;0;0;0;110;110
5;26;33;0;1;0;0;0;110;110
6;26;33;1;0;0;0;1;110;110
5;27;32;1;0;0;0;1;110;110
3;26;3;0;1;0;0;0;110;110
5;26;33;0;1;0;0;0;110;110
5;26;33;1;1;0;0;1;110;110
4;26;5;1;1;0;0;1;110;110
6;26;33;0;0;0;0;0;110;110
3;26;3;0;0;0;0;0;110;110
5;26;33;0;1;0;0;0;110;110
5;27;32;0;1;0;0;0;110;110
5;27;32;1;1;0;0;1;110;110
5;26;32;1;1;0;0;1;110;110
5;27;32;0;1;0;0;0;110;110
5;26;32;0;1;0;0;0;110;110
4;26;4;1;1;0;0;1;110;110
3;27;3;1;1;0;0;1;110;110
5;26;32;0;0;0;0;0;110;110
5;27;32;0;0;0;0;0;110;110
5;27;32;1;1;0;0;1;110;110
4;27;4;1;1;0;0;1;110;110
5;27;32;0;0;0;0;0;110;110
5;27;32;0;0;0;0;0;110;110
4;27;3;1;1;0;0;1;110;110
3;27;5;1;1;0;0;1;110;110
3;27;5;0;0;0;0;0;110;110
5;27;32;0;0;0;0;0;110;110
3;27;3;0;0;0;0;0;110;110
5;27;32;0;0;0;0;0;110;110
5;27;32;1;0;0;0;1;110;110
4;28;4;1;0;0;0;1;110;110
5;27;32;0;1;0;0;0;110;110
4;27;4;0;1;0;0;0;110;110
6;27;32;0;0;0;0;0;110;110
4;27;3;0;0;0;0;0;110;110
5;27;32;0;0;0;0;0;110;110
4;27;4;0;0;0;0;0;110;110
3;27;5;0;0;0;0;0;110;110
3;27;3;0;0;0;0;0;110;110
6;27;32;0;0;0;0;0;110;110
3;28;3;0;0;0;0;0;110;110
5;27;33;0;0;0;0;0;110;110
3;28;4;0;0;0;0;0;110;110
5;27;32;0;1;0;0;0;110;110
5;28;33;0;1;0;0;0;110;110
6;27;32;0;0;0;0;0;110;110
4;27;4;0;0;0;0;0;110;110
5;27;33;0;0;0;0;0;110;110
3;27;4;0;0;0;0;0;110;110
4;27;5;0;0;0;0;0;110;110
3;27;5;0;0;0;0;0;110;110
3;27;4;0;0;0;0;0;110;110
5;27;5;0;0;0;0;0;110;110
5;27;32;0;0;0;0;0;110;110
4;27;4;0;0;0;0;0;110;110
5;27;32;0;0;0;0;0;110;110
5;27;32;0;0;0;0;0;110;110
3;27;4;0;0;0;0;0;110;110
5;27;32;0;0;0;0;0;110;110
5;27;32;0;0;0;0;0;110;110
4;27;4;0;0;0;0;0;110;110
5;27;32;0;0;0;0;0;110;110
4;28;4;0;0;0;0;0;110;110
5;27;32;0;0;0;0;0;110;110
4;28;4;0;0;0;0;0;110;110
6;27;32;0;0;0;0;0;110;110
4;28;4;0;0;0;0;0;110;110
5;27;32;0;0;0;0;0;110;110
5;27;32;0;0;0;0;0;110;110
5;27;33;0;0;0;0;0;110;110
4;28;3;0;0;0;0;0;110;110
6;28;32;0;0;0;0;0;110;110
4;27;4;0;0;0;0;0;110;110
5;27;32;0;0;0;0;0;110;110
4;27;4;0;0;0;0;0;110;110
5;27;32;0;0;0;0;0;110;110
5;27;32;0;0;0;0;0;110;110
5;27;33;0;0;0;0;0;110;110
5;27;3;0;0;0;0;0;110;110
5;27;33;0;0;0;0;0;110;110
4;27;4;0;0;0;0;0;110;110
5;27;33;0;0;0;0;0;110;110
4;27;5;0;0;0;0;0;110;110
5;27;33;0;0;0;0;0;110;110
4;27;4;0;0;0;0;0;110;110
5;27;32;0;1;0;0;0;110;110
4;27;3;0;1;0;0;0;110;110
3;27;5;0;0;0;0;0;110;110
3;27;7;0;0;0;0;0;110;110
4;27;4;0;0;0;0;0;110;110
3;27;4;0;0;0;0;0;110;110
4;27;4;0;0;0;0;0;110;110
4;27;4;0;0;0;0;0;110;110
5;27;32;1;0;0;0;1;110;110
4;27;4;1;0;0;0;1;110;110
3;27;5;0;0;0;0;0;110;110
3;27;3;0;0;0;0;0;110;110
4;27;5;0;0;0;0;0;110;110
5;27;32;0;0;0;0;0;110;110
5;27;32;0;0;0;0;0;110;110
5;27;32;0;0;0;0;0;110;110
4;28;4;0;0;0;0;0;110;110
5;27;32;0;0;0;0;0;110;110
4;27;4;1;0;0;0;1;110;110
6;27;32;1;0;0;0;1;110;110
4;27;4;0;1;0;0;0;110;110
5;27;32;0;1;0;0;0;110;110
5;27;32;1;0;0;0;1;110;110
5;27;32;1;0;0;0;1;110;110
3;27;5;0;0;0;0;0;110;110
4;27;4;0;0;0;0;0;110;110
5;27;32;1;0;0;0;1;110;110
3;27;4;1;0;0;0;1;110;110
4;27;4;0;1;0;0;0;110;110
3;27;3;0;1;0;0;0;110;110
5;27;32;1;0;0;0;1;110;110
4;26;5;1;0;0;0;1;110;110
5;27;32;0;0;0;0;0;110;110
4;26;4;0;0;0;0;0;110;110
3;27;4;1;1;0;0;1;110;110
5;27;32;1;1;0;0;1;110;110
5;28;32;1;0;0;0;1;110;110
5;28;32;1;0;0;0;1;110;110
6;28;32;0;0;0;0;0;110;110
5;28;32;0;0;0;0;0;110;110
5;27;31;1;1;0;0;1;110;110
5;28;32;1;1;0;0;1;110;110
5;29;31;0;0;0;0;0;110;110
5;28;32;0;0;0;0;0;110;110
6;28;31;1;1;0;0;1;110;110
5;29;31;1;1;0;0;1;110;110
5;29;31;1;1;0;0;1;110;110
4;29;4;1;1;0;0;1;110;110
3;29;5;0;0;0;0;0;110;110
5;29;31;0;0;0;0;0;110;110
5;29;31;1;1;0;0;1;110;110
6;29;31;1;1;0;0;1;110;110
5;29;30;0;1;0;0;0;110;110
6;30;31;0;1;0;0;0;110;110
5;31;32;1;0;0;0;1;110;110
5;31;31;1;0;0;0;1;110;110
6;31;32;0;1;0;0;0;110;110
6;32;31;0;1;0;0;0;110;110
6;32;32;1;1;0;0;1;110;110
5;32;31;1;1;0;0;1;110;110
5;32;32;1;1;0;0;1;110;110
6;33;32;1;1;0;0;1;110;110
5;33;32;1;1;0;0;1;110;110
7;32;32;1;1;0;0;1;110;110
5;32;32;0;0;0;0;0;110;110
5;32;32;0;0;0;0;0;110;110
6;32;31;1;1;0;0;1;110;110
5;32;31;1;1;0;0;1;110;110
6;32;31;1;1;0;0;1;110;110
5;31;31;1;1;0;0;1;110;110
5;31;31;0;0;0;0;0;110;110
6;32;32;0;0;0;0;0;110;110
5;30;32;1;1;0;0;1;110;110
6;33;32;1;1;0;0;1;110;110
6;34;32;0;0;0;0;0;110;110
5;34;32;0;0;0;0;0;110;110
6;19;31;0;1;0;0;0;110;110
4;18;27;0;1;0;0;0;110;110
5;18;33;1;1;0;0;1;110;110
5;18;32;1;1;0;0;1;110;110
4;17;32;0;1;0;0;0;110;110
5;18;32;0;1;0;0;0;110;110
5;18;32;1;0;0;0;1;110;110
6;18;44;1;0;0;0;1;110;110
4;19;28;0;1;0;0;0;110;110
4;18;31;0;1;0;0;0;110;110
5;18;28;1;1;0;0;1;110;110
4;18;31;1;1;0;0;1;110;110
4;19;31;0;0;0;0;0;110;110
4;18;30;0;0;0;0;0;110;110
5;18;48;1;1;0;0;1;110;110
5;18;31;1;1;0;0;1;110;110
4;17;32;0;0;0;0;0;110;110
4;17;32;0;0;0;0;0;110;110
5;17;31;1;0;0;0;1;110;110
5;17;31;1;0;0;0;1;110;110
5;17;32;0;0;0;0;0;110;110
4;17;31;0;0;0;0;0;110;110
4;17;31;0;0;0;0;0;110;110
4;17;31;0;0;0;0;0;110;110
4;17;31;0;0;0;0;0;110;110
6;17;31;0;0;0;0;0;110;110
4;17;31;0;0;0;0;0;110;110
4;17;32;0;0;0;0;0;110;110
5;17;32;0;0;0;0;0;110;110
4;17;32;0;0;0;0;0;110;110
5;17;32;0;0;0;0;0;110;110
4;18;32;0;0;0;0;0;110;110
4;17;32;0;0;0;0;0;110;110
5;18;32;0;0;0;0;0;110;110
5;18;49;0;0;0;0;0;110;110
5;18;31;0;0;0;0;0;110;110
4;18;31;0;0;0;0;0;110;110
4;18;31;0;0;0;0;0;110;110
6;18;31;1;0;0;0;1;110;110
4;18;31;1;0;0;0;1;110;110
5;18;31;0;0;0;0;0;110;110
4;18;31;0;0;0;0;0;110;110
4;18;31;0;0;0;0;0;110;110
5;18;30;0;0;0;0;0;110;110
6;18;50;0;0;0;0;0;110;110
5;18;31;0;0;0;0;0;110;110
4;18;31;0;0;0;0;0;110;110
4;17;31;0;0;0;0;0;110;110
5;18;31;0;0;0;0;0;110;110
4;17;31;0;0;0;0;0;110;110
5;17;31;0;0;0;0;0;110;110
4;18;32;0;0;0;0;0;110;110
4;17;30;0;0;0;0;0;110;110
5;17;30;0;0;0;0;0;110;110
5;17;38;0;0;0;0;0;110;110
5;17;32;0;0;0;0;0;110;110
4;17;32;0;0;0;0;0;110;110
5;17;32;0;0;0;0;0;110;110
5;17;32;0;0;0;0;0;110;110
4;17;31;0;0;0;0;0;110;110
5;17;32;0;0;0;0;0;110;110
4;17;31;0;0;0;0;0;110;110
4;17;31;0;0;0;0;0;110;110
6;17;30;0;0;0;0;0;110;110
4;17;32;0;0;0;0;0;110;110
5;17;31;0;0;0;0;0;110;110
4;17;30;0;0;0;0;0;110;110
4;17;31;0;0;0;0;0;110;110
5;17;32;0;0;0;0;0;110;110
4;17;31;0;0;0;0;0;110;110
5;17;31;0;0;0;0;0;110;110
4;17;32;0;0;0;0;0;110;110
4;17;31;0;0;0;0;0;110;110
5;17;32;0;0;0;0;0;110;110
4;17;31;0;0;0;0;0;110;110
5;17;31;0;0;0;0;0;110;110
5;17;31;0;0;0;0;0;110;110
4;17;31;0;0;0;0;0;110;110
5;17;30;1;0;0;0;1;110;110
4;16;29;1;0;0;0;1;110;110
5;16;29;0;0;0;0;0;110;110
4;16;29;0;0;0;0;0;110;110
5;16;29;0;0;0;0;0;110;110
4;16;29;0;0;0;0;0;110;110
4;17;32;1;0;0;0;1;110;110
5;17;29;1;0;0;0;1;110;110
4;17;28;0;0;0;0;0;110;110
4;16;29;0;0;0;0;0;110;110
6;17;29;0;1;0;0;0;110;110
4;17;31;0;1;0;0;0;110;110
5;16;31;0;0;0;0;0;110;110
4;17;31;0;0;0;0;0;110;110
4;16;31;1;0;0;0;1;110;110
5;16;32;1;0;0;0;1;110;110
4;16;32;0;1;0;0;0;110;110
6;16;33;0;1;0;0;0;110;110
5;17;33;0;0;0;0;0;110;110
4;16;35;0;0;0;0;0;110;110
5;16;35;0;0;0;0;0;110;110
4;16;36;0;0;0;0;0;110;110
5;16;36;0;1;0;0;0;110;110
6;16;36;0;1;0;0;0;110;110
4;16;37;1;0;0;0;1;110;110
5;16;32;1;0;0;0;1;110;110
5;16;37;0;0;0;0;0;110;110
5;16;32;0;0;0;0;0;110;110
4;16;32;1;1;0;0;1;110;110
5;16;32;1;1;0;0;1;110;110
5;16;41;0;0;0;0;0;110;110
5;16;37;0;0;0;0;0;110;110
5;17;36;1;1;0;0;1;110;110
5;16;40;1;1;0;0;1;110;110
4;16;35;0;0;0;0;0;110;110
5;16;36;0;0;0;0;0;110;110
4;16;35;1;1;0;0;1;110;110
5;16;42;1;1;0;0;1;110;110
5;16;42;1;1;0;0;1;110;110
5;17;41;1;1;0;0;1;110;110
5;17;42;0;0;0;0;0;110;110
5;17;38;0;0;0;0;0;110;110
6;17;38;1;0;0;0;1;110;110
5;17;41;1;0;0;0;1;110;110
4;17;37;0;1;0;0;0;110;110
5;17;42;0;1;0;0;0;110;110
4;16;28;1;0;0;0;1;110;110
5;17;29;1;0;0;0;1;110;110
6;16;42;1;1;0;0;1;110;110
5;16;43;1;1;0;0;1;110;110
5;17;43;1;0;0;0;1;110;110
4;17;27;1;0;0;0;1;110;110
5;17;27;1;1;0;0;1;110;110
5;17;37;1;1;0;0;1;110;110
4;17;27;1;0;0;0;1;110;110
6;17;53;1;0;0;0;1;110;110
5;17;42;0;1;0;0;0;110;110
6;17;53;0;1;0;0;0;110;110
5;18;43;1;1;0;0;1;110;110
5;18;51;1;1;0;0;1;110;110
6;18;52;1;0;0;0;1;110;110
7;18;52;1;0;0;0;1;110;110
5;17;54;1;1;0;0;1;110;110
6;17;53;1;1;0;0;1;110;110
5;17;44;1;1;0;0;1;110;110
5;17;44;1;1;0;0;1;110;110
5;17;50;0;0;0;0;0;110;110
6;18;43;0;0;0;0;0;110;110
4;19;26;1;1;0;0;1;110;110
5;19;50;1;1;0;0;1;110;110
4;18;25;1;1;0;0;1;110;110
4;18;25;1;1;0;0;1;110;110
4;19;24;1;0;0;0;1;110;110
4;19;25;1;0;0;0;1;110;110
4;19;24;1;1;0;0;1;110;110
4;20;25;1;1;0;0;1;110;110
4;19;25;1;1;0;0;1;110;110
4;18;24;1;1;0;0;1;110;110
4;17;24;0;0;0;0;0;110;110
4;18;23;0;0;0;0;0;110;110
5;18;25;1;1;0;0;1;110;110
4;18;24;1;1;0;0;1;110;110
4;18;23;1;1;0;0;1;110;110
4;17;22;1;1;0;0;1;110;110
4;17;24;0;1;0;0;0;110;110
4;16;21;0;1;0;0;0;110;110
5;17;21;1;1;0;0;1;110;110
3;16;21;1;1;0;0;1;110;110
4;17;20;0;0;0;0;0;110;110
4;18;20;0;0;0;0;0;110;110
4;22;22;1;1;0;0;1;110;110
4;21;20;1;1;0;0;1;110;110
4;22;24;0;0;0;0;0;110;110
4;22;20;0;0;0;0;0;110;110
4;22;24;0;1;0;0;0;110;110
4;22;20;0;1;0;0;0;110;110
4;22;23;1;0;0;0;1;110;110
4;22;24;1;0;0;0;1;110;110
4;22;21;0;0;0;0;0;110;110
4;22;20;0;0;0;0;0;110;110
5;22;25;0;0;0;0;0;110;110
4;22;21;0;0;0;0;0;110;110
4;22;25;0;0;0;0;0;110;110
4;22;21;0;0;0;0;0;110;110
4;22;25;0;0;0;0;0;110;110
5;22;21;0;0;0;0;0;110;110
4;23;25;0;0;0;0;0;110;110
4;23;23;0;0;0;0;0;110;110
4;22;22;0;0;0;0;0;110;110
4;22;25;0;0;0;0;0;110;110
5;22;22;0;0;0;0;0;110;110
4;22;21;0;0;0;0;0;110;110
4;22;25;0;0;0;0;0;110;110
4;22;21;0;0;0;0;0;110;110
4;22;25;0;0;0;0;0;110;110
4;22;22;0;0;0;0;0;110;110
4;22;24;0;0;0;0;0;110;110
4;23;24;0;0;0;0;0;110;110
5;22;25;0;0;0;0;0;110;110
4;22;20;0;0;0;0;0;110;110
5;22;24;0;0;0;0;0;110;110
4;23;25;0;0;0;0;0;110;110
4;22;22;1;0;0;0;1;110;110
4;22;20;1;0;0;0;1;110;110
5;23;20;0;0;0;0;0;110;110
4;17;22;0;0;0;0;0;110;110
4;21;20;0;0;0;0;0;110;110
3;17;21;0;0;0;0;0;110;110
4;16;22;0;0;0;0;0;110;110
4;16;21;0;0;0;0;0;110;110
4;16;22;1;0;0;0;1;110;110
4;16;21;1;0;0;0;1;110;110
3;16;21;1;1;0;0;1;110;110
4;17;23;1;1;0;0;1;110;110
4;17;23;0;0;0;0;0;110;110
4;18;22;0;0;0;0;0;110;110
4;18;24;1;1;0;0;1;110;110
4;18;23;1;1;0;0;1;110;110
4;18;24;0;1;0;0;0;110;110
4;18;23;0;1;0;0;0;110;110
5;18;25;1;1;0;0;1;110;110
4;19;25;1;1;0;0;1;110;110
4;20;23;0;1;0;0;0;110;110
5;19;25;0;1;0;0;0;110;110
4;19;25;1;1;0;0;1;110;110
5;20;27;1;1;0;0;1;110;110
6;19;52;0;1;0;0;0;110;110
5;18;52;0;1;0;0;0;110;110
6;17;50;1;1;0;0;1;110;110
6;17;52;1;1;0;0;1;110;110
6;17;43;1;1;0;0;1;110;110
6;17;50;1;1;0;0;1;110;110
5;18;53;1;1;0;0;1;110;110
6;18;51;1;1;0;0;1;110;110
5;18;50;1;1;0;0;1;110;110
7;18;52;1;1;0;0;1;110;110
6;18;53;1;0;0;0;1;110;110
5;18;43;1;0;0;0;1;110;110
5;18;29;1;1;0;0;1;110;110
5;18;42;1;1;0;0;1;110;110
6;17;42;1;1;0;0;1;110;110
5;17;41;1;1;0;0;1;110;110
6;17;40;1;0;0;0;1;110;110
5;16;40;1;0;0;0;1;110;110
5;17;41;1;1;0;0;1;110;110
5;17;38;1;1;0;0;1;110;110
5;17;38;1;1;0;0;1;110;110
4;17;37;1;1;0;0;1;110;110
6;16;38;0;1;0;0;0;110;110
5;16;40;0;1;0;0;0;110;110
5;16;40;1;1;0;0;1;110;110
5;16;41;1;1;0;0;1;110;110
5;16;40;1;1;0;0;1;110;110
5;16;39;1;1;0;0;1;110;110
6;16;37;1;0;0;0;1;110;110
5;16;32;1;0;0;0;1;110;110
4;15;31;1;1;0;0;1;110;110
4;16;32;1;1;0;0;1;110;110
5;16;32;1;1;0;0;1;110;110
5;16;42;1;1;0;0;1;110;110
6;16;46;1;1;0;0;1;110;110
6;16;45;1;1;0;0;1;110;110
4;16;36;1;0;0;0;1;110;110
5;16;32;1;0;0;0;1;110;110
4;16;30;1;1;0;0;1;110;110
4;16;30;1;1;0;0;1;110;110
5;17;31;0;1;0;0;0;110;110
5;17;32;0;1;0;0;0;110;110
5;17;31;1;1;0;0;1;110;110
4;17;31;1;1;0;0;1;110;110
4;17;32;0;1;0;0;0;110;110
5;17;32;0;1;0;0;0;110;110
4;17;33;1;0;0;0;1;110;110
6;17;32;1;0;0;0;1;110;110
5;17;43;0;1;0;0;0;110;110
4;17;32;0;1;0;0;0;110;110
5;17;33;1;0;0;0;1;110;110
4;17;32;1;0;0;0;1;110;110
5;18;32;1;1;0;0;1;110;110
4;18;32;1;1;0;0;1;110;110
4;18;32;0;0;0;0;0;110;110
5;19;32;0;0;0;0;0;110;110
5;28;32;1;0;0;0;1;110;110
5;19;31;1;0;0;0;1;110;110
5;28;32;1;1;0;0;1;110;110
5;28;32;1;1;0;0;1;110;110
7;35;33;1;0;0;0;1;110;110
4;18;32;1;0;0;0;1;110;110
5;18;30;0;0;0;0;0;110;110
5;34;32;0;0;0;0;0;110;110
5;34;32;1;0;0;0;1;110;110
5;17;32;1;0;0;0;1;110;110
5;17;28;0;0;0;0;0;110;110
5;17;31;0;0;0;0;0;110;110
5;32;32;0;1;0;0;0;110;110
5;33;32;0;1;0;0;0;110;110
5;19;31;1;0;0;0;1;110;110
4;19;32;1;0;0;0;1;110;110
6;31;31;0;0;0;0;0;110;110
4;19;29;0;0;0;0;0;110;110
4;18;30;0;0;0;0;0;110;110
5;19;31;0;0;0;0;0;110;110
5;31;31;0;0;0;0;0;110;110
6;32;31;0;0;0;0;0;110;110
4;19;30;0;0;0;0;0;110;110
5;18;30;0;0;0;0;0;110;110
5;31;29;0;0;0;0;0;110;110
5;31;29;0;0;0;0;0;110;110
6;32;31;0;0;0;0;0;110;110
4;19;29;0;0;0;0;0;110;110
4;17;30;0;0;0;0;0;110;110
6;19;31;0;0;0;0;0;110;110
3;18;7;0;0;0;0;0;110;110
5;17;31;0;0;0;0;0;110;110
4;17;30;0;0;0;0;0;110;110
5;19;29;0;0;0;0;0;110;110
5;32;32;0;0;0;0;0;110;110
4;17;31;0;0;0;0;0;110;110
5;32;32;0;0;0;0;0;110;110
5;31;32;0;0;0;0;0;110;110
6;32;32;0;0;0;0;0;110;110
5;32;32;0;0;0;0;0;110;110
5;32;32;0;0;0;0;0;110;110
6;34;32;0;0;0;0;0;110;110
6;29;32;0;0;0;0;0;110;110
5;19;30;0;0;0;0;0;110;110
5;32;32;0;0;0;0;0;110;110
5;32;33;0;0;0;0;0;110;110
5;32;32;0;0;0;0;0;110;110
5;31;32;0;0;0;0;0;110;110
7;32;32;0;0;0;0;0;110;110
4;18;31;0;0;0;0;0;110;110
4;18;30;0;0;0;0;0;110;110
6;34;32;0;0;0;0;0;110;110
4;18;28;0;0;0;0;0;110;110
5;18;31;0;0;0;0;0;110;110
5;33;32;0;0;0;0;0;110;110
4;18;28;0;0;0;0;0;110;110
5;19;31;0;0;0;0;0;110;110
5;34;32;0;0;0;0;0;110;110
6;35;32;0;0;0;0;0;110;110
5;34;32;0;0;0;0;0;110;110
5;34;32;0;0;0;0;0;110;110
7;36;32;0;0;0;0;0;110;110
5;35;33;0;0;0;0;0;110;110
6;28;33;0;0;0;0;0;110;110
6;36;33;0;0;0;0;0;110;110
5;35;32;0;0;0;0;0;110;110
5;28;32;0;0;0;0;0;110;110
6;35;32;0;0;0;0;0;110;110
6;28;32;0;0;0;0;0;110;110
5;28;32;0;0;0;0;0;110;110
5;28;32;0;0;0;0;0;110;110
6;35;32;0;0;0;0;0;110;110
5;35;33;0;0;0;0;0;110;110
7;33;33;0;0;0;0;0;110;110
6;35;33;0;0;0;0;0;110;110
5;35;32;0;0;0;0;0;110;110
6;32;33;0;0;0;0;0;110;110
5;34;32;0;0;0;0;0;110;110
6;31;32;0;0;0;0;0;110;110
5;31;32;0;0;0;0;0;110;110
6;32;32;0;0;0;0;0;110;110
6;32;32;0;0;0;0;0;110;110
5;31;33;0;0;0;0;0;110;110
6;31;32;0;0;0;0;0;110;110
5;30;32;0;0;0;0;0;110;110
5;31;33;0;0;0;0;0;110;110
6;30;32;1;1;0;0;1;110;110
5;31;32;1;1;0;0;1;110;110
6;31;32;0;0;0;0;0;110;110
5;32;31;0;0;0;0;0;110;110
5;31;32;0;1;0;0;0;110;110
6;32;32;0;1;0;0;0;110;110
6;32;32;1;1;0;0;1;110;110
6;33;32;1;1;0;0;1;110;110
5;31;31;0;0;0;0;0;110;110
5;31;32;0;0;0;0;0;110;110
6;33;31;1;1;0;0;1;110;110
5;32;32;1;1;0;0;1;110;110
6;32;32;1;1;0;0;1;110;110
6;32;32;1;1;0;0;1;110;110
5;31;32;0;0;0;0;0;110;110
6;32;32;0;0;0;0;0;110;110
5;31;32;1;1;0;0;1;110;110
6;30;31;1;1;0;0;1;110;110
5;30;32;0;1;0;0;0;110;110
6;29;31;0;1;0;0;0;110;110
5;29;31;0;1;0;0;0;110;110
3;29;4;0;1;0;0;0;110;110
5;29;32;1;1;0;0;1;110;110
5;28;32;1;1;0;0;1;110;110
6;28;32;0;1;0;0;0;110;110
6;28;32;0;1;0;0;0;110;110
5;28;32;0;1;0;0;0;110;110
5;28;32;0;1;0;0;0;110;110
3;28;4;1;1;0;0;1;110;110
5;27;32;1;1;0;0;1;110;110
5;27;32;1;0;0;0;1;110;110
4;27;4;1;0;0;0;1;110;110
6;26;32;0;1;0;0;0;110;110
5;27;32;0;1;0;0;0;110;110
5;27;32;1;1;0;0;1;110;110
6;27;32;1;1;0;0;1;110;110
5;26;32;1;1;0;0;1;110;110
5;27;32;1;1;0;0;1;110;110
6;27;32;1;0;0;0;1;110;110
5;27;32;1;0;0;0;1;110;110
5;27;32;1;1;0;0;1;110;110
5;27;32;1;1;0;0;1;110;110
5;26;32;1;1;0;0;1;110;110
5;27;32;1;1;0;0;1;110;110
6;26;32;1;0;0;0;1;110;110
3;26;4;1;0;0;0;1;110;110
5;26;32;0;1;0;0;0;110;110
5;27;32;0;1;0;0;0;110;110
3;27;4;1;1;0;0;1;110;110
5;26;32;1;1;0;0;1;110;110
3;27;4;1;0;0;0;1;110;110
6;26;32;1;0;0;0;1;110;110
5;26;31;0;1;0;0;0;110;110
5;26;32;0;1;0;0;0;110;110
5;26;32;0;0;0;0;0;110;110
3;26;4;0;0;0;0;0;110;110
5;26;32;0;0;0;0;0;110;110
4;26;4;0;0;0;0;0;110;110
5;26;33;1;1;0;0;1;110;110
3;26;3;1;1;0;0;1;110;110
5;26;33;0;0;0;0;0;110;110
3;26;3;0;0;0;0;0;110;110
5;26;33;0;0;0;0;0;110;110
3;26;4;0;0;0;0;0;110;110
5;26;33;1;0;0;0;1;110;110
5;26;33;1;0;0;0;1;110;110
5;26;33;0;0;0;0;0;110;110
3;26;4;0;0;0;0;0;110;110
3;26;4;0;0;0;0;0;110;110
4;26;5;0;0;0;0;0;110;110
6;26;33;0;0;0;0;0;110;110
5;26;33;0;0;0;0;0;110;110
5;26;33;0;0;0;0;0;110;110
3;26;4;0;0;0;0;0;110;110
5;26;33;0;0;0;0;0;110;110
3;26;5;0;0;0;0;0;110;110
3;26;4;0;0;0;0;0;110;110
4;26;5;0;0;0;0;0;110;110
5;26;33;0;0;0;0;0;110;110
3;26;4;0;0;0;0;0;110;110
3;26;3;0;0;0;0;0;110;110
3;26;4;0;0;0;0;0;110;110
4;26;4;0;0;0;0;0;110;110
4;26;4;0;0;0;0;0;110;110
5;26;33;1;0;0;0;1;110;110
3;26;3;1;0;0;0;1;110;110
5;26;33;0;0;0;0;0;110;110
4;26;3;0;0;0;0;0;110;110
5;26;33;0;0;0;0;0;110;110
4;26;3;0;0;0;0;0;110;110
5;26;33;0;0;0;0;0;110;110
4;26;4;0;0;0;0;0;110;110
5;26;33;0;0;0;0;0;110;110
5;26;33;0;0;0;0;0;110;110
5;26;33;0;0;0;0;0;110;110
3;26;4;0;0;0;0;0;110;110
6;26;33;0;0;0;0;0;110;110
4;26;3;0;0;0;0;0;110;110
5;26;33;0;0;0;0;0;110;110
4;26;4;0;0;0;0;0;110;110
5;26;33;0;0;0;0;0;110;110
4;26;4;0;0;0;0;0;110;110
6;26;33;0;0;0;0;0;110;110
5;27;33;0;0;0;0;0;110;110
5;26;33;0;0;0;0;0;110;110
3;26;3;0;0;0;0;0;110;110
5;26;33;0;0;0;0;0;110;110
4;26;3;0;0;0;0;0;110;110
5;26;33;0;0;0;0;0;110;110
5;26;3;0;0;0;0;0;110;110
5;26;33;0;0;0;0;0;110;110
4;26;3;0;0;0;0;0;110;110
5;26;33;0;0;0;0;0;110;110
5;26;33;0;0;0;0;0;110;110
5;26;33;1;0;0;0;1;110;110
4;26;4;1;0;0;0;1;110;110
5;26;33;0;0;0;0;0;110;110
4;26;3;0;0;0;0;0;110;110
5;26;33;0;0;0;0;0;110;110
4;26;3;0;0;0;0;0;110;110
5;26;33;0;0;0;0;0;110;110
4;26;3;0;0;0;0;0;110;110
5;26;33;0;0;0;0;0;110;110
4;26;3;0;0;0;0;0;110;110
5;26;33;0;0;0;0;0;110;110
5;26;33;0;0;0;0;0;110;110
3;26;4;0;0;0;0;0;110;110
5;26;33;0;0;0;0;0;110;110
4;26;4;0;0;0;0;0;110;110
5;26;33;0;0;0;0;0;110;110
3;27;4;0;0;0;0;0;110;110
5;26;33;0;0;0;0;0;110;110
3;26;4;0;0;0;0;0;110;110
5;26;33;0;0;0;0;0;110;110
6;26;33;1;0;0;0;1;110;110
5;26;32;1;0;0;0;1;110;110
5;26;33;0;0;0;0;0;110;110
5;26;33;0;0;0;0;0;110;110
5;26;33;0;0;0;0;0;110;110
5;26;33;0;0;0;0;0;110;110
5;26;33;1;0;0;0;1;110;110
5;26;33;1;0;0;0;1;110;110
6;26;33;1;1;0;0;1;110;110
5;26;33;1;1;0;0;1;110;110
5;26;34;0;0;0;0;0;110;110
5;26;34;0;0;0;0;0;110;110
5;26;34;1;1;0;0;1;110;110
6;26;33;1;1;0;0;1;110;110
5;26;33;1;1;0;0;1;110;110
5;26;34;1;1;0;0;1;110;110
5;26;34;1;0;0;0;1;110;110
5;26;34;1;0;0;0;1;110;110
6;26;34;1;1;0;0;1;110;110
6;26;33;1;1;0;0;1;110;110
5;26;34;1;1;0;0;1;110;110
5;26;34;1;1;0;0;1;110;110
5;26;35;0;0;0;0;0;110;110
6;26;35;0;0;0;0;0;110;110
5;26;35;1;1;0;0;1;110;110
5;27;35;1;1;0;0;1;110;110
6;26;35;1;0;0;0;1;110;110
5;27;35;1;0;0;0;1;110;110
6;27;35;0;1;0;0;0;110;110
5;27;36;0;1;0;0;0;110;110
5;27;36;1;0;0;0;1;110;110
6;27;36;1;0;0;0;1;110;110
6;27;36;1;1;0;0;1;110;110
5;27;36;1;1;0;0;1;110;110
5;26;36;0;0;0;0;0;110;110
5;27;36;0;0;0;0;0;110;110
6;27;36;1;1;0;0;1;110;110
5;27;36;1;1;0;0;1;110;110
6;27;36;1;1;0;0;1;110;110
5;28;36;1;1;0;0;1;110;110
6;41;37;1;1;0;0;1;110;110
6;45;38;1;1;0;0;1;110;110
6;36;39;0;0;0;0;0;110;110
6;38;39;0;0;0;0;0;110;110
7;39;38;1;1;0;0;1;110;110
13;79;106;1;1;0;0;1;110;110
5;29;40;1;1;0;0;1;110;110
13;72;112;1;1;0;0;1;110;110
15;92;121;1;1;0;0;1;110;110
14;84;119;1;0;0;0;1;110;110
14;111;113;0;1;0;0;0;110;110
12;37;111;1;1;0;0;1;110;110
10;34;114;1;0;0;0;1;110;110
10;35;107;0;1;0;0;0;110;110
11;35;110;1;0;0;0;1;110;110
13;86;113;0;0;0;0;0;110;110
14;108;111;1;1;0;0;1;110;110
14;87;108;1;0;0;0;1;110;110
15;112;115;0;1;0;0;0;110;110
13;88;113;0;0;0;0;0;110;110
15;99;115;1;0;0;0;1;110;110
13;90;103;0;0;0;0;0;110;110
14;115;114;0;0;0;0;0;110;110
16;102;121;0;0;0;0;0;110;110
14;105;113;0;0;0;0;0;110;110
14;91;113;0;0;0;0;0;110;110
16;111;113;0;0;0;0;0;110;110
13;89;114;0;0;0;0;0;110;110
16;110;114;0;0;0;0;0;110;110
14;114;104;0;0;0;0;0;110;110
13;88;113;0;0;0;0;0;110;110
14;86;112;0;0;0;0;0;110;110
14;109;110;0;0;0;0;0;110;110
14;91;108;0;0;0;0;0;110;110
16;106;119;0;0;0;0;0;110;110
13;88;113;0;0;0;0;0;110;110
15;111;116;0;1;0;0;0;110;110
14;88;112;1;0;0;0;1;110;110
13;87;112;0;0;0;0;0;110;110
14;97;113;0;0;0;0;0;110;110
14;87;111;0;0;0;0;0;110;110
14;99;112;0;0;0;0;0;110;110
15;117;112;1;0;0;0;1;110;110
15;101;115;0;0;0;0;0;110;110
13;85;120;0;0;0;0;0;110;110
15;96;113;0;0;0;0;0;110;110
14;100;114;0;0;0;0;0;110;110
15;108;119;0;0;0;0;0;110;110
14;87;120;0;0;0;0;0;110;110
14;109;109;0;0;0;0;0;110;110
14;103;115;0;0;0;0;0;110;110
15;96;110;0;0;0;0;0;110;110
15;110;115;0;0;0;0;0;110;110
13;101;112;0;0;0;0;0;110;110
15;97;116;0;0;0;0;0;110;110
14;100;115;0;0;0;0;0;110;110
14;97;113;0;0;0;0;0;110;110
15;88;118;0;0;0;0;0;110;110
14;104;119;0;0;0;0;0;110;110
15;96;114;0;0;0;0;0;110;110
14;102;121;0;0;0;0;0;110;110
14;89;114;0;0;0;0;0;110;110
14;88;114;0;0;0;0;0;110;110
14;99;114;0;0;0;0;0;110;110
13;98;110;0;0;0;0;0;110;110
15;97;115;0;0;0;0;0;110;110
15;110;113;0;0;0;0;0;110;110
14;98;117;0;0;0;0;0;110;110
15;98;121;0;0;0;0;0;110;110
14;107;111;0;0;0;0;0;110;110
14;98;119;0;0;0;0;0;110;110
15;112;115;0;0;0;0;0;110;110
14;110;108;0;0;0;0;0;110;110
15;88;117;0;0;0;0;0;110;110
14;96;117;0;0;0;0;0;110;110
14;95;118;0;0;0;0;0;110;110
15;88;116;0;0;0;0;0;110;110
11;60;115;0;0;0;0;0;110;110
14;96;113;0;0;0;0;0;110;110
15;100;111;0;0;0;0;0;110;110
14;100;111;0;0;0;0;0;110;110
15;110;121;0;0;0;0;0;110;110
14;93;115;0;0;0;0;0;110;110
15;111;111;0;0;0;0;0;110;110
13;97;106;0;0;0;0;0;110;110
14;86;110;0;0;0;0;0;110;110
13;94;111;0;0;0;0;0;110;110
14;88;114;0;0;0;0;0;110;110
13;99;110;0;0;0;0;0;110;110
15;110;116;0;0;0;0;0;110;110
14;97;110;0;0;0;0;0;110;110
14;88;114;0;0;0;0;0;110;110
14;110;110;0;0;0;0;0;110;110
15;99;115;0;0;0;0;0;110;110
13;88;120;0;0;0;0;0;110;110
15;104;119;0;0;0;0;0;110;110
15;100;108;0;0;0;0;0;110;110
13;102;109;0;0;0;0;0;110;110
14;104;109;0;0;0;0;0;110;110
15;87;120;0;0;0;0;0;110;110
14;104;119;0;0;0;0;0;110;110
14;88;115;0;0;0;0;0;110;110
15;100;120;0;0;0;0;0;110;110
14;109;105;0;0;0;0;0;110;110
14;88;119;0;0;0;0;0;110;110
14;99;109;0;0;0;0;0;110;110
13;90;114;0;0;0;0;0;110;110
16;98;119;0;0;0;0;0;110;110
13;94;115;0;0;0;0;0;110;110
14;96;116;0;0;0;0;0;110;110
13;86;102;0;0;0;0;0;110;110
13;87;97;0;0;0;0;0;110;110
14;102;116;0;0;0;0;0;110;110
15;100;109;0;0;0;0;0;110;110
14;101;105;0;0;0;0;0;110;110
14;104;118;0;0;0;0;0;110;110
15;87;115;0;0;0;0;0;110;110
14;108;120;0;0;0;0;0;110;110
15;100;120;0;0;0;0;0;110;110
15;98;120;0;0;0;0;0;110;110
14;89;119;0;0;0;0;0;110;110
15;109;111;0;0;0;0;0;110;110
14;105;114;0;0;0;0;0;110;110
14;96;109;0;0;0;0;0;110;110
15;97;120;0;0;0;0;0;110;110
14;106;108;0;0;0;0;0;110;110
13;88;111;0;0;0;0;0;110;110
13;90;95;0;0;0;0;0;110;110
13;88;112;0;0;0;0;0;110;110
14;87;117;0;0;0;0;0;110;110
14;88;110;0;0;0;0;0;110;110
13;87;112;0;0;0;0;0;110;110
13;87;114;0;0;0;0;0;110;110
13;88;95;0;0;0;0;0;110;110
13;86;119;0;0;0;0;0;110;110
15;102;121;0;0;0;0;0;110;110
14;87;108;0;0;0;0;0;110;110
13;98;107;0;0;0;0;0;110;110
13;89;109;0;0;0;0;0;110;110
14;87;110;0;0;0;0;0;110;110
13;86;109;0;0;0;0;0;110;110
14;101;107;0;0;0;0;0;110;110
16;110;121;0;0;0;0;0;110;110
13;88;114;0;0;0;0;0;110;110
13;96;106;0;0;0;0;0;110;110
14;85;108;0;0;0;0;0;110;110
14;107;107;0;0;0;0;0;110;110
15;101;109;0;0;0;0;0;110;110
13;105;106;0;0;0;0;0;110;110
13;88;109;0;0;0;0;0;110;110
15;100;110;0;0;0;0;0;110;110
14;98;115;0;0;0;0;0;110;110
13;96;109;0;0;0;0;0;110;110
15;107;107;0;0;0;0;0;110;110
14;100;113;0;0;0;0;0;110;110
14;100;111;0;0;0;0;0;110;110
15;101;109;0;0;0;0;0;110;110
13;87;110;0;0;0;0;0;110;110
14;101;115;0;0;0;0;0;110;110
15;106;113;0;0;0;0;0;110;110
14;99;112;0;0;0;0;0;110;110
14;98;111;0;0;0;0;0;110;110
14;83;112;0;0;0;0;0;110;110
13;82;115;0;0;0;0;0;110;110
13;83;114;0;0;0;0;0;110;110
14;82;114;0;0;0;0;0;110;110
13;82;108;0;0;0;0;0;110;110
13;88;114;0;0;0;0;0;110;110
14;89;108;0;0;0;0;0;110;110
13;83;113;0;0;0;0;0;110;110
13;83;114;0;0;0;0;0;110;110
14;84;114;0;0;0;0;0;110;110
14;98;114;0;0;0;0;0;110;110
14;99;97;0;0;0;0;0;110;110
12;87;93;0;0;0;0;0;110;110
11;60;115;0;0;0;0;0;110;110
13;87;114;0;0;0;0;0;110;110
13;59;114;0;0;0;0;0;110;110
11;59;112;0;0;0;0;0;110;110
15;111;112;0;0;0;0;0;110;110
12;59;113;0;0;0;0;0;110;110
13;88;109;0;0;0;0;0;110;110
15;103;113;0;0;0;0;0;110;110
12;60;92;0;0;0;0;0;110;110
14;107;110;0;0;0;0;0;110;110
12;60;114;0;0;0;0;0;110;110
12;60;113;0;0;0;0;0;110;110
12;59;116;0;0;0;0;0;110;110
11;58;115;0;0;0;0;0;110;110
13;61;114;0;0;0;0;0;110;110
11;59;102;0;0;0;0;0;110;110
12;61;119;0;0;0;0;0;110;110
12;58;116;0;0;0;0;0;110;110
13;88;117;0;0;0;0;0;110;110
12;59;115;0;0;0;0;0;110;110
12;59;119;0;0;0;0;0;110;110
16;110;119;0;0;0;0;0;110;110
14;105;112;0;0;0;0;0;110;110
15;105;111;0;0;0;0;0;110;110
13;89;109;0;0;0;0;0;110;110
14;110;108;0;0;0;0;0;110;110
15;106;108;0;0;0;0;0;110;110
14;101;109;0;0;0;0;0;110;110
14;108;107;0;0;0;0;0;110;110
14;88;108;0;0;0;0;0;110;110
14;109;108;0;0;0;0;0;110;110
14;99;111;0;0;0;0;0;110;110
15;89;112;0;0;0;0;0;110;110
14;107;108;0;0;0;0;0;110;110
13;85;112;0;0;0;0;0;110;110
14;107;95;0;0;0;0;0;110;110
14;98;120;0;0;0;0;0;110;110
15;115;119;0;0;0;0;0;110;110
14;88;120;0;0;0;0;0;110;110
13;109;96;0;0;0;0;0;110;110
15;88;119;0;0;0;0;0;110;110
13;99;109;0;0;0;0;0;110;110
13;88;107;0;0;0;0;0;110;110
14;87;111;0;0;0;0;0;110;110
13;87;111;0;0;0;0;0;110;110
13;89;103;0;0;0;0;0;110;110
14;86;110;0;0;0;0;0;110;110
13;87;109;0;0;0;0;0;110;110
12;85;101;0;0;0;0;0;110;110
14;87;109;0;0;0;0;0;110;110
13;87;114;0;0;0;0;0;110;110
14;99;119;0;0;0;0;0;110;110
16;109;112;0;0;0;0;0;110;110
13;88;119;0;0;0;0;0;110;110
14;88;116;0;0;0;0;0;110;110
14;90;120;0;0;0;0;0;110;110
14;91;120;0;0;0;0;0;110;110
14;86;119;0;0;0;0;0;110;110
14;88;120;0;0;0;0;0;110;110
14;100;115;0;0;0;0;0;110;110
15;111;118;0;0;0;0;0;110;110
14;89;114;0;0;0;0;0;110;110
13;98;95;0;0;0;0;0;110;110
13;86;120;0;0;0;0;0;110;110
14;89;108;0;0;0;0;0;110;110
14;86;121;0;0;0;0;0;110;110
15;99;108;0;0;0;0;0;110;110
14;87;119;0;0;0;0;0;110;110
12;60;119;0;0;0;0;0;110;110
14;102;102;0;0;0;0;0;110;110
14;101;108;0;0;0;0;0;110;110
12;87;100;0;0;0;0;0;110;110
15;86;120;0;0;0;0;0;110;110
12;61;119;0;0;0;0;0;110;110
13;87;121;0;0;0;0;0;110;110
12;61;116;0;0;0;0;0;110;110
12;61;113;0;0;0;0;0;110;110
11;59;114;0;0;0;0;0;110;110
11;61;97;0;0;0;0;0;110;110
13;60;115;0;0;0;0;0;110;110
11;61;98;0;0;0;0;0;110;110
11;58;115;0;0;0;0;0;110;110
13;60;113;0;0;0;0;0;110;110
12;60;118;0;0;0;0;0;110;110
11;59;108;0;0;0;0;0;110;110
11;60;109;0;0;0;0;0;110;110
16;109;120;0;0;0;0;0;110;110
10;59;92;0;0;0;0;0;110;110
11;60;102;0;0;0;0;0;110;110
13;59;111;0;0;0;0;0;110;110
12;88;107;0;0;0;0;0;110;110
15;108;119;0;0;0;0;0;110;110
15;91;120;0;0;0;0;0;110;110
14;100;107;0;0;0;0;0;110;110
14;87;116;0;0;0;0;0;110;110
11;60;92;0;0;0;0;0;110;110
14;87;121;0;0;0;0;0;110;110
13;89;114;0;0;0;0;0;110;110
16;113;113;0;0;0;0;0;110;110
14;98;115;0;0;0;0;0;110;110
14;95;107;0;0;0;0;0;110;110
14;98;115;0;0;0;0;0;110;110
12;61;118;0;0;0;0;0;110;110
15;100;112;0;0;0;0;0;110;110
14;98;118;0;0;0;0;0;110;110
13;103;106;0;0;0;0;0;110;110
16;101;119;0;0;0;0;0;110;110
13;90;116;0;0;0;0;0;110;110
14;103;108;0;0;0;0;0;110;110
15;89;118;0;0;0;0;0;110;110
15;101;117;0;0;0;0;0;110;110
13;101;109;0;0;0;0;0;110;110
15;86;114;0;0;0;0;0;110;110
14;88;111;0;0;0;0;0;110;110
13;87;118;0;0;0;0;0;110;110
14;102;97;0;0;0;0;0;110;110
13;88;111;0;0;0;0;0;110;110
14;110;108;0;0;0;0;0;110;110
15;96;116;0;0;0;0;0;110;110
14;98;119;0;0;0;0;0;110;110
15;110;107;0;0;0;0;0;110;110
14;100;106;0;0;0;0;0;110;110
13;97;106;0;0;0;0;0;110;110
15;100;117;0;0;0;0;0;110;110
15;100;118;0;0;0;0;0;110;110
14;111;105;0;0;0;0;0;110;110
16;111;121;0;0;0;0;0;110;110
12;102;88;0;0;0;0;0;110;110
15;101;118;0;0;0;0;0;110;110
16;112;119;0;0;0;0;0;110;110
12;87;89;0;0;0;0;0;110;110
13;112;88;0;0;0;0;0;110;110
13;88;93;0;0;0;0;0;110;110
15;99;121;0;0;0;0;0;110;110
13;86;118;0;0;0;0;0;110;110
14;98;91;0;0;0;0;0;110;110
13;97;114;0;0;0;0;0;110;110
12;90;87;0;0;0;0;0;110;110
15;99;121;0;0;0;0;0;110;110
15;99;117;0;0;0;0;0;110;110
13;96;87;0;0;0;0;0;110;110
14;100;120;0;0;0;0;0;110;110
13;88;109;0;0;0;0;0;110;110
14;109;87;0;0;0;0;0;110;110
11;88;87;0;0;0;0;0;110;110
15;100;120;0;0;0;0;0;110;110
15;102;110;0;0;0;0;0;110;110
12;105;87;0;0;0;0;0;110;110
13;100;87;0;0;0;0;0;110;110
13;102;87;0;0;0;0;0;110;110
15;103;119;0;0;0;0;0;110;110
14;105;121;0;0;0;0;0;110;110
14;108;87;0;0;0;0;0;110;110
14;87;120;0;0;0;0;0;110;110
13;88;109;0;0;0;0;0;110;110
15;112;109;0;0;0;0;0;110;110
13;85;119;0;0;0;0;0;110;110
13;87;95;0;0;0;0;0;110;110
15;87;119;0;0;0;0;0;110;110
14;105;108;0;0;0;0;0;110;110